2015-05-01 16:55:39 [ERROR] - org.apache.ibatis.exceptions.PersistenceException: 
### Error building SqlSession.
### The error may exist in sqlmap/sqlmap-account.xml
### The error occurred while processing mapper_resultMap[Account]
### Cause: org.apache.ibatis.builder.BuilderException: Error parsing SQL Mapper Configuration. Cause: java.lang.RuntimeException: Error parsing Mapper XML. Cause: org.apache.ibatis.builder.BuilderException: Error resolving class . Cause: org.apache.ibatis.type.TypeException: Could not resolve type alias 'Account'.  Cause: java.lang.ClassNotFoundException: Cannot find class: Account
	at org.apache.ibatis.exceptions.ExceptionFactory.wrapException(ExceptionFactory.java:23)
	at org.apache.ibatis.session.SqlSessionFactoryBuilder.build(SqlSessionFactoryBuilder.java:51)
	at org.apache.ibatis.session.SqlSessionFactoryBuilder.build(SqlSessionFactoryBuilder.java:35)
	at com.glacier.earthquake.monitor.server.util.Data2Object.init(Data2Object.java:28)
	at com.glacier.earthquake.monitor.server.util.Data2Object.account(Data2Object.java:40)
	at Main.main(Main.java:10)
	at sun.reflect.NativeMethodAccessorImpl.invoke0(Native Method)
	at sun.reflect.NativeMethodAccessorImpl.invoke(NativeMethodAccessorImpl.java:62)
	at sun.reflect.DelegatingMethodAccessorImpl.invoke(DelegatingMethodAccessorImpl.java:43)
	at java.lang.reflect.Method.invoke(Method.java:483)
	at com.intellij.rt.execution.application.AppMain.main(AppMain.java:140)
Caused by: org.apache.ibatis.builder.BuilderException: Error parsing SQL Mapper Configuration. Cause: java.lang.RuntimeException: Error parsing Mapper XML. Cause: org.apache.ibatis.builder.BuilderException: Error resolving class . Cause: org.apache.ibatis.type.TypeException: Could not resolve type alias 'Account'.  Cause: java.lang.ClassNotFoundException: Cannot find class: Account
	at org.apache.ibatis.builder.xml.XMLConfigBuilder.parseConfiguration(XMLConfigBuilder.java:105)
	at org.apache.ibatis.builder.xml.XMLConfigBuilder.parse(XMLConfigBuilder.java:88)
	at org.apache.ibatis.session.SqlSessionFactoryBuilder.build(SqlSessionFactoryBuilder.java:49)
	... 9 more
Caused by: java.lang.RuntimeException: Error parsing Mapper XML. Cause: org.apache.ibatis.builder.BuilderException: Error resolving class . Cause: org.apache.ibatis.type.TypeException: Could not resolve type alias 'Account'.  Cause: java.lang.ClassNotFoundException: Cannot find class: Account
	at org.apache.ibatis.builder.xml.XMLMapperBuilder.configurationElement(XMLMapperBuilder.java:113)
	at org.apache.ibatis.builder.xml.XMLMapperBuilder.parse(XMLMapperBuilder.java:88)
	at org.apache.ibatis.builder.xml.XMLConfigBuilder.mapperElement(XMLConfigBuilder.java:311)
	at org.apache.ibatis.builder.xml.XMLConfigBuilder.parseConfiguration(XMLConfigBuilder.java:103)
	... 11 more
Caused by: org.apache.ibatis.builder.BuilderException: Error resolving class . Cause: org.apache.ibatis.type.TypeException: Could not resolve type alias 'Account'.  Cause: java.lang.ClassNotFoundException: Cannot find class: Account
	at org.apache.ibatis.builder.BaseBuilder.resolveClass(BaseBuilder.java:94)
	at org.apache.ibatis.builder.xml.XMLMapperBuilder.resultMapElement(XMLMapperBuilder.java:256)
	at org.apache.ibatis.builder.xml.XMLMapperBuilder.resultMapElement(XMLMapperBuilder.java:243)
	at org.apache.ibatis.builder.xml.XMLMapperBuilder.resultMapElements(XMLMapperBuilder.java:235)
	at org.apache.ibatis.builder.xml.XMLMapperBuilder.configurationElement(XMLMapperBuilder.java:109)
	... 14 more
Caused by: org.apache.ibatis.type.TypeException: Could not resolve type alias 'Account'.  Cause: java.lang.ClassNotFoundException: Cannot find class: Account
	at org.apache.ibatis.type.TypeAliasRegistry.resolveAlias(TypeAliasRegistry.java:109)
	at org.apache.ibatis.builder.BaseBuilder.resolveAlias(BaseBuilder.java:115)
	at org.apache.ibatis.builder.BaseBuilder.resolveClass(BaseBuilder.java:92)
	... 18 more
Caused by: java.lang.ClassNotFoundException: Cannot find class: Account
	at org.apache.ibatis.io.ClassLoaderWrapper.classForName(ClassLoaderWrapper.java:188)
	at org.apache.ibatis.io.ClassLoaderWrapper.classForName(ClassLoaderWrapper.java:87)
	at org.apache.ibatis.io.Resources.classForName(Resources.java:250)
	at org.apache.ibatis.type.TypeAliasRegistry.resolveAlias(TypeAliasRegistry.java:105)
	... 20 more
 {com.glacier.earthquake.monitor.server.util.Data2Object.init(Data2Object.java:34)}
2015-05-01 16:55:39 [ERROR] - java.lang.NullPointerException
	at com.glacier.earthquake.monitor.server.util.Data2Object.account(Data2Object.java:41)
	at Main.main(Main.java:10)
	at sun.reflect.NativeMethodAccessorImpl.invoke0(Native Method)
	at sun.reflect.NativeMethodAccessorImpl.invoke(NativeMethodAccessorImpl.java:62)
	at sun.reflect.DelegatingMethodAccessorImpl.invoke(DelegatingMethodAccessorImpl.java:43)
	at java.lang.reflect.Method.invoke(Method.java:483)
	at com.intellij.rt.execution.application.AppMain.main(AppMain.java:140)
 {com.glacier.earthquake.monitor.server.util.Data2Object.account(Data2Object.java:49)}
2015-05-01 16:56:55 [ERROR] - org.apache.ibatis.exceptions.PersistenceException: 
### Error building SqlSession.
### The error may exist in sqlmap/sqlmap-account.xml
### The error occurred while processing mapper_resultMap[Account]
### Cause: org.apache.ibatis.builder.BuilderException: Error parsing SQL Mapper Configuration. Cause: java.lang.RuntimeException: Error parsing Mapper XML. Cause: org.apache.ibatis.builder.BuilderException: Error resolving class . Cause: org.apache.ibatis.type.TypeException: Could not resolve type alias 'Account'.  Cause: java.lang.ClassNotFoundException: Cannot find class: Account
	at org.apache.ibatis.exceptions.ExceptionFactory.wrapException(ExceptionFactory.java:23)
	at org.apache.ibatis.session.SqlSessionFactoryBuilder.build(SqlSessionFactoryBuilder.java:51)
	at org.apache.ibatis.session.SqlSessionFactoryBuilder.build(SqlSessionFactoryBuilder.java:35)
	at com.glacier.earthquake.monitor.server.util.Data2Object.init(Data2Object.java:28)
	at com.glacier.earthquake.monitor.server.util.Data2Object.account(Data2Object.java:41)
	at Main.main(Main.java:11)
	at sun.reflect.NativeMethodAccessorImpl.invoke0(Native Method)
	at sun.reflect.NativeMethodAccessorImpl.invoke(NativeMethodAccessorImpl.java:62)
	at sun.reflect.DelegatingMethodAccessorImpl.invoke(DelegatingMethodAccessorImpl.java:43)
	at java.lang.reflect.Method.invoke(Method.java:483)
	at com.intellij.rt.execution.application.AppMain.main(AppMain.java:140)
Caused by: org.apache.ibatis.builder.BuilderException: Error parsing SQL Mapper Configuration. Cause: java.lang.RuntimeException: Error parsing Mapper XML. Cause: org.apache.ibatis.builder.BuilderException: Error resolving class . Cause: org.apache.ibatis.type.TypeException: Could not resolve type alias 'Account'.  Cause: java.lang.ClassNotFoundException: Cannot find class: Account
	at org.apache.ibatis.builder.xml.XMLConfigBuilder.parseConfiguration(XMLConfigBuilder.java:105)
	at org.apache.ibatis.builder.xml.XMLConfigBuilder.parse(XMLConfigBuilder.java:88)
	at org.apache.ibatis.session.SqlSessionFactoryBuilder.build(SqlSessionFactoryBuilder.java:49)
	... 9 more
Caused by: java.lang.RuntimeException: Error parsing Mapper XML. Cause: org.apache.ibatis.builder.BuilderException: Error resolving class . Cause: org.apache.ibatis.type.TypeException: Could not resolve type alias 'Account'.  Cause: java.lang.ClassNotFoundException: Cannot find class: Account
	at org.apache.ibatis.builder.xml.XMLMapperBuilder.configurationElement(XMLMapperBuilder.java:113)
	at org.apache.ibatis.builder.xml.XMLMapperBuilder.parse(XMLMapperBuilder.java:88)
	at org.apache.ibatis.builder.xml.XMLConfigBuilder.mapperElement(XMLConfigBuilder.java:311)
	at org.apache.ibatis.builder.xml.XMLConfigBuilder.parseConfiguration(XMLConfigBuilder.java:103)
	... 11 more
Caused by: org.apache.ibatis.builder.BuilderException: Error resolving class . Cause: org.apache.ibatis.type.TypeException: Could not resolve type alias 'Account'.  Cause: java.lang.ClassNotFoundException: Cannot find class: Account
	at org.apache.ibatis.builder.BaseBuilder.resolveClass(BaseBuilder.java:94)
	at org.apache.ibatis.builder.xml.XMLMapperBuilder.resultMapElement(XMLMapperBuilder.java:256)
	at org.apache.ibatis.builder.xml.XMLMapperBuilder.resultMapElement(XMLMapperBuilder.java:243)
	at org.apache.ibatis.builder.xml.XMLMapperBuilder.resultMapElements(XMLMapperBuilder.java:235)
	at org.apache.ibatis.builder.xml.XMLMapperBuilder.configurationElement(XMLMapperBuilder.java:109)
	... 14 more
Caused by: org.apache.ibatis.type.TypeException: Could not resolve type alias 'Account'.  Cause: java.lang.ClassNotFoundException: Cannot find class: Account
	at org.apache.ibatis.type.TypeAliasRegistry.resolveAlias(TypeAliasRegistry.java:109)
	at org.apache.ibatis.builder.BaseBuilder.resolveAlias(BaseBuilder.java:115)
	at org.apache.ibatis.builder.BaseBuilder.resolveClass(BaseBuilder.java:92)
	... 18 more
Caused by: java.lang.ClassNotFoundException: Cannot find class: Account
	at org.apache.ibatis.io.ClassLoaderWrapper.classForName(ClassLoaderWrapper.java:188)
	at org.apache.ibatis.io.ClassLoaderWrapper.classForName(ClassLoaderWrapper.java:87)
	at org.apache.ibatis.io.Resources.classForName(Resources.java:250)
	at org.apache.ibatis.type.TypeAliasRegistry.resolveAlias(TypeAliasRegistry.java:105)
	... 20 more
 {com.glacier.earthquake.monitor.server.util.Data2Object.init(Data2Object.java:35)}
2015-05-01 16:56:55 [ERROR] - java.lang.NullPointerException
	at com.glacier.earthquake.monitor.server.util.Data2Object.account(Data2Object.java:42)
	at Main.main(Main.java:11)
	at sun.reflect.NativeMethodAccessorImpl.invoke0(Native Method)
	at sun.reflect.NativeMethodAccessorImpl.invoke(NativeMethodAccessorImpl.java:62)
	at sun.reflect.DelegatingMethodAccessorImpl.invoke(DelegatingMethodAccessorImpl.java:43)
	at java.lang.reflect.Method.invoke(Method.java:483)
	at com.intellij.rt.execution.application.AppMain.main(AppMain.java:140)
 {com.glacier.earthquake.monitor.server.util.Data2Object.account(Data2Object.java:50)}
2015-05-01 16:57:24 [ERROR] - org.apache.ibatis.exceptions.PersistenceException: 
### Error building SqlSession.
### The error may exist in sqlmap/sqlmap-account.xml
### The error occurred while processing mapper_resultMap[Account]
### Cause: org.apache.ibatis.builder.BuilderException: Error parsing SQL Mapper Configuration. Cause: java.lang.RuntimeException: Error parsing Mapper XML. Cause: org.apache.ibatis.builder.BuilderException: Error resolving class . Cause: org.apache.ibatis.type.TypeException: Could not resolve type alias 'Account'.  Cause: java.lang.ClassNotFoundException: Cannot find class: Account
	at org.apache.ibatis.exceptions.ExceptionFactory.wrapException(ExceptionFactory.java:23)
	at org.apache.ibatis.session.SqlSessionFactoryBuilder.build(SqlSessionFactoryBuilder.java:51)
	at org.apache.ibatis.session.SqlSessionFactoryBuilder.build(SqlSessionFactoryBuilder.java:35)
	at com.glacier.earthquake.monitor.server.util.Data2Object.init(Data2Object.java:28)
	at com.glacier.earthquake.monitor.server.util.Data2Object.account(Data2Object.java:41)
	at Main.main(Main.java:11)
	at sun.reflect.NativeMethodAccessorImpl.invoke0(Native Method)
	at sun.reflect.NativeMethodAccessorImpl.invoke(NativeMethodAccessorImpl.java:62)
	at sun.reflect.DelegatingMethodAccessorImpl.invoke(DelegatingMethodAccessorImpl.java:43)
	at java.lang.reflect.Method.invoke(Method.java:483)
	at com.intellij.rt.execution.application.AppMain.main(AppMain.java:140)
Caused by: org.apache.ibatis.builder.BuilderException: Error parsing SQL Mapper Configuration. Cause: java.lang.RuntimeException: Error parsing Mapper XML. Cause: org.apache.ibatis.builder.BuilderException: Error resolving class . Cause: org.apache.ibatis.type.TypeException: Could not resolve type alias 'Account'.  Cause: java.lang.ClassNotFoundException: Cannot find class: Account
	at org.apache.ibatis.builder.xml.XMLConfigBuilder.parseConfiguration(XMLConfigBuilder.java:105)
	at org.apache.ibatis.builder.xml.XMLConfigBuilder.parse(XMLConfigBuilder.java:88)
	at org.apache.ibatis.session.SqlSessionFactoryBuilder.build(SqlSessionFactoryBuilder.java:49)
	... 9 more
Caused by: java.lang.RuntimeException: Error parsing Mapper XML. Cause: org.apache.ibatis.builder.BuilderException: Error resolving class . Cause: org.apache.ibatis.type.TypeException: Could not resolve type alias 'Account'.  Cause: java.lang.ClassNotFoundException: Cannot find class: Account
	at org.apache.ibatis.builder.xml.XMLMapperBuilder.configurationElement(XMLMapperBuilder.java:113)
	at org.apache.ibatis.builder.xml.XMLMapperBuilder.parse(XMLMapperBuilder.java:88)
	at org.apache.ibatis.builder.xml.XMLConfigBuilder.mapperElement(XMLConfigBuilder.java:311)
	at org.apache.ibatis.builder.xml.XMLConfigBuilder.parseConfiguration(XMLConfigBuilder.java:103)
	... 11 more
Caused by: org.apache.ibatis.builder.BuilderException: Error resolving class . Cause: org.apache.ibatis.type.TypeException: Could not resolve type alias 'Account'.  Cause: java.lang.ClassNotFoundException: Cannot find class: Account
	at org.apache.ibatis.builder.BaseBuilder.resolveClass(BaseBuilder.java:94)
	at org.apache.ibatis.builder.xml.XMLMapperBuilder.resultMapElement(XMLMapperBuilder.java:256)
	at org.apache.ibatis.builder.xml.XMLMapperBuilder.resultMapElement(XMLMapperBuilder.java:243)
	at org.apache.ibatis.builder.xml.XMLMapperBuilder.resultMapElements(XMLMapperBuilder.java:235)
	at org.apache.ibatis.builder.xml.XMLMapperBuilder.configurationElement(XMLMapperBuilder.java:109)
	... 14 more
Caused by: org.apache.ibatis.type.TypeException: Could not resolve type alias 'Account'.  Cause: java.lang.ClassNotFoundException: Cannot find class: Account
	at org.apache.ibatis.type.TypeAliasRegistry.resolveAlias(TypeAliasRegistry.java:109)
	at org.apache.ibatis.builder.BaseBuilder.resolveAlias(BaseBuilder.java:115)
	at org.apache.ibatis.builder.BaseBuilder.resolveClass(BaseBuilder.java:92)
	... 18 more
Caused by: java.lang.ClassNotFoundException: Cannot find class: Account
	at org.apache.ibatis.io.ClassLoaderWrapper.classForName(ClassLoaderWrapper.java:188)
	at org.apache.ibatis.io.ClassLoaderWrapper.classForName(ClassLoaderWrapper.java:87)
	at org.apache.ibatis.io.Resources.classForName(Resources.java:250)
	at org.apache.ibatis.type.TypeAliasRegistry.resolveAlias(TypeAliasRegistry.java:105)
	... 20 more
 {com.glacier.earthquake.monitor.server.util.Data2Object.init(Data2Object.java:35)}
2015-05-01 16:57:24 [ERROR] - java.lang.NullPointerException
	at com.glacier.earthquake.monitor.server.util.Data2Object.account(Data2Object.java:43)
	at Main.main(Main.java:11)
	at sun.reflect.NativeMethodAccessorImpl.invoke0(Native Method)
	at sun.reflect.NativeMethodAccessorImpl.invoke(NativeMethodAccessorImpl.java:62)
	at sun.reflect.DelegatingMethodAccessorImpl.invoke(DelegatingMethodAccessorImpl.java:43)
	at java.lang.reflect.Method.invoke(Method.java:483)
	at com.intellij.rt.execution.application.AppMain.main(AppMain.java:140)
 {com.glacier.earthquake.monitor.server.util.Data2Object.account(Data2Object.java:51)}
2015-05-01 16:58:19 [ERROR] - org.apache.ibatis.exceptions.PersistenceException: 
### Error querying database.  Cause: com.mysql.jdbc.exceptions.jdbc4.MySQLSyntaxErrorException: Unknown database 'earthquake_moitor'
### The error may exist in sqlmap/sqlmap-account.xml
### The error may involve com.glacier.earthquake.monitor.server.util.MysqlOperation.getAccount
### The error occurred while executing a query
### Cause: com.mysql.jdbc.exceptions.jdbc4.MySQLSyntaxErrorException: Unknown database 'earthquake_moitor'
	at org.apache.ibatis.exceptions.ExceptionFactory.wrapException(ExceptionFactory.java:23)
	at org.apache.ibatis.session.defaults.DefaultSqlSession.selectList(DefaultSqlSession.java:104)
	at org.apache.ibatis.session.defaults.DefaultSqlSession.selectList(DefaultSqlSession.java:95)
	at org.apache.ibatis.session.defaults.DefaultSqlSession.selectOne(DefaultSqlSession.java:59)
	at org.apache.ibatis.binding.MapperMethod.execute(MapperMethod.java:95)
	at org.apache.ibatis.binding.MapperProxy.invoke(MapperProxy.java:40)
	at com.sun.proxy.$Proxy0.getAccount(Unknown Source)
	at com.glacier.earthquake.monitor.server.util.Data2Object.account(Data2Object.java:42)
	at Main.main(Main.java:11)
	at sun.reflect.NativeMethodAccessorImpl.invoke0(Native Method)
	at sun.reflect.NativeMethodAccessorImpl.invoke(NativeMethodAccessorImpl.java:62)
	at sun.reflect.DelegatingMethodAccessorImpl.invoke(DelegatingMethodAccessorImpl.java:43)
	at java.lang.reflect.Method.invoke(Method.java:483)
	at com.intellij.rt.execution.application.AppMain.main(AppMain.java:140)
Caused by: com.mysql.jdbc.exceptions.jdbc4.MySQLSyntaxErrorException: Unknown database 'earthquake_moitor'
	at sun.reflect.NativeConstructorAccessorImpl.newInstance0(Native Method)
	at sun.reflect.NativeConstructorAccessorImpl.newInstance(NativeConstructorAccessorImpl.java:62)
	at sun.reflect.DelegatingConstructorAccessorImpl.newInstance(DelegatingConstructorAccessorImpl.java:45)
	at java.lang.reflect.Constructor.newInstance(Constructor.java:408)
	at com.mysql.jdbc.Util.handleNewInstance(Util.java:408)
	at com.mysql.jdbc.Util.getInstance(Util.java:383)
	at com.mysql.jdbc.SQLError.createSQLException(SQLError.java:1062)
	at com.mysql.jdbc.MysqlIO.checkErrorPacket(MysqlIO.java:4208)
	at com.mysql.jdbc.MysqlIO.checkErrorPacket(MysqlIO.java:4140)
	at com.mysql.jdbc.MysqlIO.checkErrorPacket(MysqlIO.java:925)
	at com.mysql.jdbc.MysqlIO.proceedHandshakeWithPluggableAuthentication(MysqlIO.java:1747)
	at com.mysql.jdbc.MysqlIO.doHandshake(MysqlIO.java:1287)
	at com.mysql.jdbc.ConnectionImpl.coreConnect(ConnectionImpl.java:2494)
	at com.mysql.jdbc.ConnectionImpl.connectOneTryOnly(ConnectionImpl.java:2527)
	at com.mysql.jdbc.ConnectionImpl.createNewIO(ConnectionImpl.java:2309)
	at com.mysql.jdbc.ConnectionImpl.<init>(ConnectionImpl.java:834)
	at com.mysql.jdbc.JDBC4Connection.<init>(JDBC4Connection.java:46)
	at sun.reflect.NativeConstructorAccessorImpl.newInstance0(Native Method)
	at sun.reflect.NativeConstructorAccessorImpl.newInstance(NativeConstructorAccessorImpl.java:62)
	at sun.reflect.DelegatingConstructorAccessorImpl.newInstance(DelegatingConstructorAccessorImpl.java:45)
	at java.lang.reflect.Constructor.newInstance(Constructor.java:408)
	at com.mysql.jdbc.Util.handleNewInstance(Util.java:408)
	at com.mysql.jdbc.ConnectionImpl.getInstance(ConnectionImpl.java:419)
	at com.mysql.jdbc.NonRegisteringDriver.connect(NonRegisteringDriver.java:344)
	at java.sql.DriverManager.getConnection(DriverManager.java:664)
	at java.sql.DriverManager.getConnection(DriverManager.java:208)
	at org.apache.ibatis.datasource.unpooled.UnpooledDataSource.doGetConnection(UnpooledDataSource.java:181)
	at org.apache.ibatis.datasource.unpooled.UnpooledDataSource.doGetConnection(UnpooledDataSource.java:176)
	at org.apache.ibatis.datasource.unpooled.UnpooledDataSource.getConnection(UnpooledDataSource.java:80)
	at org.apache.ibatis.datasource.pooled.PooledDataSource.popConnection(PooledDataSource.java:371)
	at org.apache.ibatis.datasource.pooled.PooledDataSource.getConnection(PooledDataSource.java:80)
	at org.apache.ibatis.transaction.jdbc.JdbcTransaction.openConnection(JdbcTransaction.java:131)
	at org.apache.ibatis.transaction.jdbc.JdbcTransaction.getConnection(JdbcTransaction.java:58)
	at org.apache.ibatis.executor.BaseExecutor.getConnection(BaseExecutor.java:279)
	at org.apache.ibatis.executor.SimpleExecutor.prepareStatement(SimpleExecutor.java:69)
	at org.apache.ibatis.executor.SimpleExecutor.doQuery(SimpleExecutor.java:56)
	at org.apache.ibatis.executor.BaseExecutor.queryFromDatabase(BaseExecutor.java:267)
	at org.apache.ibatis.executor.BaseExecutor.query(BaseExecutor.java:141)
	at org.apache.ibatis.executor.CachingExecutor.query(CachingExecutor.java:105)
	at org.apache.ibatis.executor.CachingExecutor.query(CachingExecutor.java:81)
	at org.apache.ibatis.session.defaults.DefaultSqlSession.selectList(DefaultSqlSession.java:101)
	... 12 more
 {com.glacier.earthquake.monitor.server.util.Data2Object.account(Data2Object.java:50)}
2015-05-01 17:00:33 [INFO] - [Login] '18092794430' 正在登陆... {com.glacier.earthquake.monitor.server.crawler.module.weibo_sina.login.Login.login(Login.java:52)}
2015-05-01 17:00:36 [INFO] - [login] '18092794430' 登陆成功! {com.glacier.earthquake.monitor.server.crawler.module.weibo_sina.login.Login.login(Login.java:99)}
2015-05-01 18:18:30 [ERROR] - org.apache.ibatis.exceptions.PersistenceException: 
### Error building SqlSession.
### The error may exist in sqlmap/sqlmap-filterules.xml
### The error occurred while processing mapper_resultMap[Account]
### Cause: org.apache.ibatis.builder.BuilderException: Error parsing SQL Mapper Configuration. Cause: org.apache.ibatis.builder.BuilderException: Error creating document instance.  Cause: org.xml.sax.SAXParseException; lineNumber: 12; columnNumber: 49; 与元素类型 "null" 相关联的 "resultType" 属性值不能包含 '<' 字符。
	at org.apache.ibatis.exceptions.ExceptionFactory.wrapException(ExceptionFactory.java:23)
	at org.apache.ibatis.session.SqlSessionFactoryBuilder.build(SqlSessionFactoryBuilder.java:51)
	at org.apache.ibatis.session.SqlSessionFactoryBuilder.build(SqlSessionFactoryBuilder.java:35)
	at com.glacier.earthquake.monitor.server.util.Data2Object.init(Data2Object.java:30)
	at com.glacier.earthquake.monitor.server.util.Data2Object.filterRules(Data2Object.java:58)
	at Main.main(Main.java:13)
	at sun.reflect.NativeMethodAccessorImpl.invoke0(Native Method)
	at sun.reflect.NativeMethodAccessorImpl.invoke(NativeMethodAccessorImpl.java:57)
	at sun.reflect.DelegatingMethodAccessorImpl.invoke(DelegatingMethodAccessorImpl.java:43)
	at java.lang.reflect.Method.invoke(Method.java:606)
	at com.intellij.rt.execution.application.AppMain.main(AppMain.java:140)
Caused by: org.apache.ibatis.builder.BuilderException: Error parsing SQL Mapper Configuration. Cause: org.apache.ibatis.builder.BuilderException: Error creating document instance.  Cause: org.xml.sax.SAXParseException; lineNumber: 12; columnNumber: 49; 与元素类型 "null" 相关联的 "resultType" 属性值不能包含 '<' 字符。
	at org.apache.ibatis.builder.xml.XMLConfigBuilder.parseConfiguration(XMLConfigBuilder.java:105)
	at org.apache.ibatis.builder.xml.XMLConfigBuilder.parse(XMLConfigBuilder.java:88)
	at org.apache.ibatis.session.SqlSessionFactoryBuilder.build(SqlSessionFactoryBuilder.java:49)
	... 9 more
Caused by: org.apache.ibatis.builder.BuilderException: Error creating document instance.  Cause: org.xml.sax.SAXParseException; lineNumber: 12; columnNumber: 49; 与元素类型 "null" 相关联的 "resultType" 属性值不能包含 '<' 字符。
	at org.apache.ibatis.parsing.XPathParser.createDocument(XPathParser.java:253)
	at org.apache.ibatis.parsing.XPathParser.<init>(XPathParser.java:122)
	at org.apache.ibatis.builder.xml.XMLMapperBuilder.<init>(XMLMapperBuilder.java:74)
	at org.apache.ibatis.builder.xml.XMLConfigBuilder.mapperElement(XMLConfigBuilder.java:310)
	at org.apache.ibatis.builder.xml.XMLConfigBuilder.parseConfiguration(XMLConfigBuilder.java:103)
	... 11 more
Caused by: org.xml.sax.SAXParseException; lineNumber: 12; columnNumber: 49; 与元素类型 "null" 相关联的 "resultType" 属性值不能包含 '<' 字符。
	at com.sun.org.apache.xerces.internal.util.ErrorHandlerWrapper.createSAXParseException(ErrorHandlerWrapper.java:198)
	at com.sun.org.apache.xerces.internal.util.ErrorHandlerWrapper.fatalError(ErrorHandlerWrapper.java:177)
	at com.sun.org.apache.xerces.internal.impl.XMLErrorReporter.reportError(XMLErrorReporter.java:441)
	at com.sun.org.apache.xerces.internal.impl.XMLErrorReporter.reportError(XMLErrorReporter.java:368)
	at com.sun.org.apache.xerces.internal.impl.XMLScanner.reportFatalError(XMLScanner.java:1436)
	at com.sun.org.apache.xerces.internal.impl.XMLScanner.scanAttributeValue(XMLScanner.java:954)
	at com.sun.org.apache.xerces.internal.impl.XMLDocumentFragmentScannerImpl.scanAttribute(XMLDocumentFragmentScannerImpl.java:1546)
	at com.sun.org.apache.xerces.internal.impl.XMLDocumentFragmentScannerImpl.scanStartElement(XMLDocumentFragmentScannerImpl.java:1318)
	at com.sun.org.apache.xerces.internal.impl.XMLDocumentFragmentScannerImpl$FragmentContentDriver.next(XMLDocumentFragmentScannerImpl.java:2770)
	at com.sun.org.apache.xerces.internal.impl.XMLDocumentScannerImpl.next(XMLDocumentScannerImpl.java:606)
	at com.sun.org.apache.xerces.internal.impl.XMLDocumentFragmentScannerImpl.scanDocument(XMLDocumentFragmentScannerImpl.java:510)
	at com.sun.org.apache.xerces.internal.parsers.XML11Configuration.parse(XML11Configuration.java:848)
	at com.sun.org.apache.xerces.internal.parsers.XML11Configuration.parse(XML11Configuration.java:777)
	at com.sun.org.apache.xerces.internal.parsers.XMLParser.parse(XMLParser.java:141)
	at com.sun.org.apache.xerces.internal.parsers.DOMParser.parse(DOMParser.java:243)
	at com.sun.org.apache.xerces.internal.jaxp.DocumentBuilderImpl.parse(DocumentBuilderImpl.java:347)
	at org.apache.ibatis.parsing.XPathParser.createDocument(XPathParser.java:251)
	... 15 more
 {com.glacier.earthquake.monitor.server.util.Data2Object.init(Data2Object.java:36)}
2015-05-01 18:18:30 [ERROR] - java.lang.NullPointerException
	at com.glacier.earthquake.monitor.server.util.Data2Object.filterRules(Data2Object.java:59)
	at Main.main(Main.java:13)
	at sun.reflect.NativeMethodAccessorImpl.invoke0(Native Method)
	at sun.reflect.NativeMethodAccessorImpl.invoke(NativeMethodAccessorImpl.java:57)
	at sun.reflect.DelegatingMethodAccessorImpl.invoke(DelegatingMethodAccessorImpl.java:43)
	at java.lang.reflect.Method.invoke(Method.java:606)
	at com.intellij.rt.execution.application.AppMain.main(AppMain.java:140)
 {com.glacier.earthquake.monitor.server.util.Data2Object.filterRules(Data2Object.java:65)}
2015-05-01 18:22:44 [ERROR] - org.apache.ibatis.exceptions.PersistenceException: 
### Error querying database.  Cause: org.apache.ibatis.reflection.ReflectionException: Could not set property 'rule' of 'class com.glacier.earthquake.monitor.server.pojo.Filter' with value '乌恰*地震*人受伤' Cause: org.apache.ibatis.reflection.ReflectionException: There is no setter for property named 'rule' in 'class com.glacier.earthquake.monitor.server.pojo.Filter'
### The error may exist in sqlmap/sqlmap-filterules.xml
### The error may involve defaultParameterMap
### The error occurred while setting parameters
### SQL: SELECT * FROM filter_rules;
### Cause: org.apache.ibatis.reflection.ReflectionException: Could not set property 'rule' of 'class com.glacier.earthquake.monitor.server.pojo.Filter' with value '乌恰*地震*人受伤' Cause: org.apache.ibatis.reflection.ReflectionException: There is no setter for property named 'rule' in 'class com.glacier.earthquake.monitor.server.pojo.Filter'
	at org.apache.ibatis.exceptions.ExceptionFactory.wrapException(ExceptionFactory.java:23)
	at org.apache.ibatis.session.defaults.DefaultSqlSession.selectList(DefaultSqlSession.java:104)
	at org.apache.ibatis.session.defaults.DefaultSqlSession.selectList(DefaultSqlSession.java:95)
	at org.apache.ibatis.binding.MapperMethod.executeForMany(MapperMethod.java:124)
	at org.apache.ibatis.binding.MapperMethod.execute(MapperMethod.java:90)
	at org.apache.ibatis.binding.MapperProxy.invoke(MapperProxy.java:40)
	at com.sun.proxy.$Proxy0.getFilterRules(Unknown Source)
	at com.glacier.earthquake.monitor.server.util.Data2Object.filterRules(Data2Object.java:59)
	at Main.main(Main.java:13)
	at sun.reflect.NativeMethodAccessorImpl.invoke0(Native Method)
	at sun.reflect.NativeMethodAccessorImpl.invoke(NativeMethodAccessorImpl.java:57)
	at sun.reflect.DelegatingMethodAccessorImpl.invoke(DelegatingMethodAccessorImpl.java:43)
	at java.lang.reflect.Method.invoke(Method.java:606)
	at com.intellij.rt.execution.application.AppMain.main(AppMain.java:140)
Caused by: org.apache.ibatis.reflection.ReflectionException: Could not set property 'rule' of 'class com.glacier.earthquake.monitor.server.pojo.Filter' with value '乌恰*地震*人受伤' Cause: org.apache.ibatis.reflection.ReflectionException: There is no setter for property named 'rule' in 'class com.glacier.earthquake.monitor.server.pojo.Filter'
	at org.apache.ibatis.reflection.wrapper.BeanWrapper.setBeanProperty(BeanWrapper.java:174)
	at org.apache.ibatis.reflection.wrapper.BeanWrapper.set(BeanWrapper.java:53)
	at org.apache.ibatis.reflection.MetaObject.setValue(MetaObject.java:140)
	at org.apache.ibatis.executor.resultset.FastResultSetHandler.applyPropertyMappings(FastResultSetHandler.java:299)
	at org.apache.ibatis.executor.resultset.FastResultSetHandler.getRowValue(FastResultSetHandler.java:264)
	at org.apache.ibatis.executor.resultset.FastResultSetHandler.handleRowValues(FastResultSetHandler.java:214)
	at org.apache.ibatis.executor.resultset.FastResultSetHandler.handleResultSet(FastResultSetHandler.java:186)
	at org.apache.ibatis.executor.resultset.FastResultSetHandler.handleResultSets(FastResultSetHandler.java:152)
	at org.apache.ibatis.executor.statement.PreparedStatementHandler.query(PreparedStatementHandler.java:57)
	at org.apache.ibatis.executor.statement.RoutingStatementHandler.query(RoutingStatementHandler.java:70)
	at org.apache.ibatis.executor.SimpleExecutor.doQuery(SimpleExecutor.java:57)
	at org.apache.ibatis.executor.BaseExecutor.queryFromDatabase(BaseExecutor.java:267)
	at org.apache.ibatis.executor.BaseExecutor.query(BaseExecutor.java:141)
	at org.apache.ibatis.executor.CachingExecutor.query(CachingExecutor.java:105)
	at org.apache.ibatis.executor.CachingExecutor.query(CachingExecutor.java:81)
	at org.apache.ibatis.session.defaults.DefaultSqlSession.selectList(DefaultSqlSession.java:101)
	... 12 more
Caused by: org.apache.ibatis.reflection.ReflectionException: There is no setter for property named 'rule' in 'class com.glacier.earthquake.monitor.server.pojo.Filter'
	at org.apache.ibatis.reflection.Reflector.getSetInvoker(Reflector.java:325)
	at org.apache.ibatis.reflection.MetaClass.getSetInvoker(MetaClass.java:164)
	at org.apache.ibatis.reflection.wrapper.BeanWrapper.setBeanProperty(BeanWrapper.java:166)
	... 27 more
 {com.glacier.earthquake.monitor.server.util.Data2Object.filterRules(Data2Object.java:65)}
2015-05-01 18:47:54 [ERROR] - org.apache.ibatis.exceptions.PersistenceException: 
### Error building SqlSession.
### The error may exist in SQL Mapper Configuration
### Cause: org.apache.ibatis.builder.BuilderException: Error parsing SQL Mapper Configuration. Cause: org.apache.ibatis.builder.BuilderException: Error registering typeAlias for 'Filter'. Cause: java.lang.ClassNotFoundException: Cannot find class: com.glacier.earthquake.monitor.server.pojo.Filter
	at org.apache.ibatis.exceptions.ExceptionFactory.wrapException(ExceptionFactory.java:23)
	at org.apache.ibatis.session.SqlSessionFactoryBuilder.build(SqlSessionFactoryBuilder.java:51)
	at org.apache.ibatis.session.SqlSessionFactoryBuilder.build(SqlSessionFactoryBuilder.java:35)
	at com.glacier.earthquake.monitor.server.util.Data2Object.init(Data2Object.java:30)
	at com.glacier.earthquake.monitor.server.util.Data2Object.filterRulesDisaster(Data2Object.java:58)
	at Main.main(Main.java:13)
	at sun.reflect.NativeMethodAccessorImpl.invoke0(Native Method)
	at sun.reflect.NativeMethodAccessorImpl.invoke(NativeMethodAccessorImpl.java:57)
	at sun.reflect.DelegatingMethodAccessorImpl.invoke(DelegatingMethodAccessorImpl.java:43)
	at java.lang.reflect.Method.invoke(Method.java:606)
	at com.intellij.rt.execution.application.AppMain.main(AppMain.java:140)
Caused by: org.apache.ibatis.builder.BuilderException: Error parsing SQL Mapper Configuration. Cause: org.apache.ibatis.builder.BuilderException: Error registering typeAlias for 'Filter'. Cause: java.lang.ClassNotFoundException: Cannot find class: com.glacier.earthquake.monitor.server.pojo.Filter
	at org.apache.ibatis.builder.xml.XMLConfigBuilder.parseConfiguration(XMLConfigBuilder.java:105)
	at org.apache.ibatis.builder.xml.XMLConfigBuilder.parse(XMLConfigBuilder.java:88)
	at org.apache.ibatis.session.SqlSessionFactoryBuilder.build(SqlSessionFactoryBuilder.java:49)
	... 9 more
Caused by: org.apache.ibatis.builder.BuilderException: Error registering typeAlias for 'Filter'. Cause: java.lang.ClassNotFoundException: Cannot find class: com.glacier.earthquake.monitor.server.pojo.Filter
	at org.apache.ibatis.builder.xml.XMLConfigBuilder.typeAliasesElement(XMLConfigBuilder.java:126)
	at org.apache.ibatis.builder.xml.XMLConfigBuilder.parseConfiguration(XMLConfigBuilder.java:95)
	... 11 more
Caused by: java.lang.ClassNotFoundException: Cannot find class: com.glacier.earthquake.monitor.server.pojo.Filter
	at org.apache.ibatis.io.ClassLoaderWrapper.classForName(ClassLoaderWrapper.java:188)
	at org.apache.ibatis.io.ClassLoaderWrapper.classForName(ClassLoaderWrapper.java:87)
	at org.apache.ibatis.io.Resources.classForName(Resources.java:250)
	at org.apache.ibatis.builder.xml.XMLConfigBuilder.typeAliasesElement(XMLConfigBuilder.java:119)
	... 12 more
 {com.glacier.earthquake.monitor.server.util.Data2Object.init(Data2Object.java:36)}
2015-05-01 18:47:54 [ERROR] - java.lang.NullPointerException
	at com.glacier.earthquake.monitor.server.util.Data2Object.filterRulesDisaster(Data2Object.java:59)
	at Main.main(Main.java:13)
	at sun.reflect.NativeMethodAccessorImpl.invoke0(Native Method)
	at sun.reflect.NativeMethodAccessorImpl.invoke(NativeMethodAccessorImpl.java:57)
	at sun.reflect.DelegatingMethodAccessorImpl.invoke(DelegatingMethodAccessorImpl.java:43)
	at java.lang.reflect.Method.invoke(Method.java:606)
	at com.intellij.rt.execution.application.AppMain.main(AppMain.java:140)
 {com.glacier.earthquake.monitor.server.util.Data2Object.filterRulesDisaster(Data2Object.java:65)}
2015-05-01 18:48:42 [ERROR] - org.apache.ibatis.exceptions.PersistenceException: 
### Error building SqlSession.
### The error may exist in SQL Mapper Configuration
### Cause: org.apache.ibatis.builder.BuilderException: Error parsing SQL Mapper Configuration. Cause: org.apache.ibatis.builder.BuilderException: Error registering typeAlias for 'Filter'. Cause: java.lang.ClassNotFoundException: Cannot find class: com.glacier.earthquake.monitor.server.pojo.Filter
	at org.apache.ibatis.exceptions.ExceptionFactory.wrapException(ExceptionFactory.java:23)
	at org.apache.ibatis.session.SqlSessionFactoryBuilder.build(SqlSessionFactoryBuilder.java:51)
	at org.apache.ibatis.session.SqlSessionFactoryBuilder.build(SqlSessionFactoryBuilder.java:35)
	at com.glacier.earthquake.monitor.server.util.Data2Object.init(Data2Object.java:30)
	at com.glacier.earthquake.monitor.server.util.Data2Object.filterRulesDisaster(Data2Object.java:58)
	at Main.main(Main.java:13)
	at sun.reflect.NativeMethodAccessorImpl.invoke0(Native Method)
	at sun.reflect.NativeMethodAccessorImpl.invoke(NativeMethodAccessorImpl.java:57)
	at sun.reflect.DelegatingMethodAccessorImpl.invoke(DelegatingMethodAccessorImpl.java:43)
	at java.lang.reflect.Method.invoke(Method.java:606)
	at com.intellij.rt.execution.application.AppMain.main(AppMain.java:140)
Caused by: org.apache.ibatis.builder.BuilderException: Error parsing SQL Mapper Configuration. Cause: org.apache.ibatis.builder.BuilderException: Error registering typeAlias for 'Filter'. Cause: java.lang.ClassNotFoundException: Cannot find class: com.glacier.earthquake.monitor.server.pojo.Filter
	at org.apache.ibatis.builder.xml.XMLConfigBuilder.parseConfiguration(XMLConfigBuilder.java:105)
	at org.apache.ibatis.builder.xml.XMLConfigBuilder.parse(XMLConfigBuilder.java:88)
	at org.apache.ibatis.session.SqlSessionFactoryBuilder.build(SqlSessionFactoryBuilder.java:49)
	... 9 more
Caused by: org.apache.ibatis.builder.BuilderException: Error registering typeAlias for 'Filter'. Cause: java.lang.ClassNotFoundException: Cannot find class: com.glacier.earthquake.monitor.server.pojo.Filter
	at org.apache.ibatis.builder.xml.XMLConfigBuilder.typeAliasesElement(XMLConfigBuilder.java:126)
	at org.apache.ibatis.builder.xml.XMLConfigBuilder.parseConfiguration(XMLConfigBuilder.java:95)
	... 11 more
Caused by: java.lang.ClassNotFoundException: Cannot find class: com.glacier.earthquake.monitor.server.pojo.Filter
	at org.apache.ibatis.io.ClassLoaderWrapper.classForName(ClassLoaderWrapper.java:188)
	at org.apache.ibatis.io.ClassLoaderWrapper.classForName(ClassLoaderWrapper.java:87)
	at org.apache.ibatis.io.Resources.classForName(Resources.java:250)
	at org.apache.ibatis.builder.xml.XMLConfigBuilder.typeAliasesElement(XMLConfigBuilder.java:119)
	... 12 more
 {com.glacier.earthquake.monitor.server.util.Data2Object.init(Data2Object.java:36)}
2015-05-01 18:48:42 [ERROR] - java.lang.NullPointerException
	at com.glacier.earthquake.monitor.server.util.Data2Object.filterRulesDisaster(Data2Object.java:59)
	at Main.main(Main.java:13)
	at sun.reflect.NativeMethodAccessorImpl.invoke0(Native Method)
	at sun.reflect.NativeMethodAccessorImpl.invoke(NativeMethodAccessorImpl.java:57)
	at sun.reflect.DelegatingMethodAccessorImpl.invoke(DelegatingMethodAccessorImpl.java:43)
	at java.lang.reflect.Method.invoke(Method.java:606)
	at com.intellij.rt.execution.application.AppMain.main(AppMain.java:140)
 {com.glacier.earthquake.monitor.server.util.Data2Object.filterRulesDisaster(Data2Object.java:65)}
2015-05-01 18:49:22 [ERROR] - org.apache.ibatis.exceptions.PersistenceException: 
### Error building SqlSession.
### The error may exist in SQL Mapper Configuration
### Cause: org.apache.ibatis.builder.BuilderException: Error parsing SQL Mapper Configuration. Cause: org.apache.ibatis.builder.BuilderException: Error registering typeAlias for 'Filter'. Cause: java.lang.ClassNotFoundException: Cannot find class: com.glacier.earthquake.monitor.server.pojo.Filter
	at org.apache.ibatis.exceptions.ExceptionFactory.wrapException(ExceptionFactory.java:23)
	at org.apache.ibatis.session.SqlSessionFactoryBuilder.build(SqlSessionFactoryBuilder.java:51)
	at org.apache.ibatis.session.SqlSessionFactoryBuilder.build(SqlSessionFactoryBuilder.java:35)
	at com.glacier.earthquake.monitor.server.util.Data2Object.init(Data2Object.java:30)
	at com.glacier.earthquake.monitor.server.util.Data2Object.filterRulesDisaster(Data2Object.java:58)
	at Main.main(Main.java:13)
	at sun.reflect.NativeMethodAccessorImpl.invoke0(Native Method)
	at sun.reflect.NativeMethodAccessorImpl.invoke(NativeMethodAccessorImpl.java:57)
	at sun.reflect.DelegatingMethodAccessorImpl.invoke(DelegatingMethodAccessorImpl.java:43)
	at java.lang.reflect.Method.invoke(Method.java:606)
	at com.intellij.rt.execution.application.AppMain.main(AppMain.java:140)
Caused by: org.apache.ibatis.builder.BuilderException: Error parsing SQL Mapper Configuration. Cause: org.apache.ibatis.builder.BuilderException: Error registering typeAlias for 'Filter'. Cause: java.lang.ClassNotFoundException: Cannot find class: com.glacier.earthquake.monitor.server.pojo.Filter
	at org.apache.ibatis.builder.xml.XMLConfigBuilder.parseConfiguration(XMLConfigBuilder.java:105)
	at org.apache.ibatis.builder.xml.XMLConfigBuilder.parse(XMLConfigBuilder.java:88)
	at org.apache.ibatis.session.SqlSessionFactoryBuilder.build(SqlSessionFactoryBuilder.java:49)
	... 9 more
Caused by: org.apache.ibatis.builder.BuilderException: Error registering typeAlias for 'Filter'. Cause: java.lang.ClassNotFoundException: Cannot find class: com.glacier.earthquake.monitor.server.pojo.Filter
	at org.apache.ibatis.builder.xml.XMLConfigBuilder.typeAliasesElement(XMLConfigBuilder.java:126)
	at org.apache.ibatis.builder.xml.XMLConfigBuilder.parseConfiguration(XMLConfigBuilder.java:95)
	... 11 more
Caused by: java.lang.ClassNotFoundException: Cannot find class: com.glacier.earthquake.monitor.server.pojo.Filter
	at org.apache.ibatis.io.ClassLoaderWrapper.classForName(ClassLoaderWrapper.java:188)
	at org.apache.ibatis.io.ClassLoaderWrapper.classForName(ClassLoaderWrapper.java:87)
	at org.apache.ibatis.io.Resources.classForName(Resources.java:250)
	at org.apache.ibatis.builder.xml.XMLConfigBuilder.typeAliasesElement(XMLConfigBuilder.java:119)
	... 12 more
 {com.glacier.earthquake.monitor.server.util.Data2Object.init(Data2Object.java:36)}
2015-05-01 18:49:22 [ERROR] - java.lang.NullPointerException
	at com.glacier.earthquake.monitor.server.util.Data2Object.filterRulesDisaster(Data2Object.java:59)
	at Main.main(Main.java:13)
	at sun.reflect.NativeMethodAccessorImpl.invoke0(Native Method)
	at sun.reflect.NativeMethodAccessorImpl.invoke(NativeMethodAccessorImpl.java:57)
	at sun.reflect.DelegatingMethodAccessorImpl.invoke(DelegatingMethodAccessorImpl.java:43)
	at java.lang.reflect.Method.invoke(Method.java:606)
	at com.intellij.rt.execution.application.AppMain.main(AppMain.java:140)
 {com.glacier.earthquake.monitor.server.util.Data2Object.filterRulesDisaster(Data2Object.java:65)}
2015-05-01 18:50:00 [ERROR] - java.lang.IllegalArgumentException: Mapped Statements collection does not contain value for com.glacier.earthquake.monitor.server.util.MysqlOperation.getFilterRulesDisaster
	at org.apache.ibatis.session.Configuration$StrictMap.get(Configuration.java:672)
	at org.apache.ibatis.session.Configuration.getMappedStatement(Configuration.java:507)
	at org.apache.ibatis.session.Configuration.getMappedStatement(Configuration.java:500)
	at org.apache.ibatis.binding.MapperMethod.setupCommandType(MapperMethod.java:240)
	at org.apache.ibatis.binding.MapperMethod.<init>(MapperMethod.java:71)
	at org.apache.ibatis.binding.MapperProxy.invoke(MapperProxy.java:39)
	at com.sun.proxy.$Proxy0.getFilterRulesDisaster(Unknown Source)
	at com.glacier.earthquake.monitor.server.util.Data2Object.filterRulesDisaster(Data2Object.java:59)
	at Main.main(Main.java:13)
	at sun.reflect.NativeMethodAccessorImpl.invoke0(Native Method)
	at sun.reflect.NativeMethodAccessorImpl.invoke(NativeMethodAccessorImpl.java:57)
	at sun.reflect.DelegatingMethodAccessorImpl.invoke(DelegatingMethodAccessorImpl.java:43)
	at java.lang.reflect.Method.invoke(Method.java:606)
	at com.intellij.rt.execution.application.AppMain.main(AppMain.java:140)
 {com.glacier.earthquake.monitor.server.util.Data2Object.filterRulesDisaster(Data2Object.java:65)}
2015-05-01 19:00:36 [ERROR] - org.apache.ibatis.exceptions.PersistenceException: 
### Error querying database.  Cause: com.mysql.jdbc.exceptions.jdbc4.MySQLSyntaxErrorException: Table 'earthquake_monitor.filter_rules_pubsentimentr' doesn't exist
### The error may exist in sqlmap/sqlmap-filterules_pubsentiment.xml
### The error may involve defaultParameterMap
### The error occurred while setting parameters
### SQL: SELECT * FROM filter_rules_pubsentimentr;
### Cause: com.mysql.jdbc.exceptions.jdbc4.MySQLSyntaxErrorException: Table 'earthquake_monitor.filter_rules_pubsentimentr' doesn't exist
	at org.apache.ibatis.exceptions.ExceptionFactory.wrapException(ExceptionFactory.java:23)
	at org.apache.ibatis.session.defaults.DefaultSqlSession.selectList(DefaultSqlSession.java:104)
	at org.apache.ibatis.session.defaults.DefaultSqlSession.selectList(DefaultSqlSession.java:95)
	at org.apache.ibatis.binding.MapperMethod.executeForMany(MapperMethod.java:124)
	at org.apache.ibatis.binding.MapperMethod.execute(MapperMethod.java:90)
	at org.apache.ibatis.binding.MapperProxy.invoke(MapperProxy.java:40)
	at com.sun.proxy.$Proxy0.getFilterRulesPubSentiment(Unknown Source)
	at com.glacier.earthquake.monitor.server.util.Data2Object.filterRulesPubSentiment(Data2Object.java:74)
	at Main.main(Main.java:14)
	at sun.reflect.NativeMethodAccessorImpl.invoke0(Native Method)
	at sun.reflect.NativeMethodAccessorImpl.invoke(NativeMethodAccessorImpl.java:57)
	at sun.reflect.DelegatingMethodAccessorImpl.invoke(DelegatingMethodAccessorImpl.java:43)
	at java.lang.reflect.Method.invoke(Method.java:606)
	at com.intellij.rt.execution.application.AppMain.main(AppMain.java:140)
Caused by: com.mysql.jdbc.exceptions.jdbc4.MySQLSyntaxErrorException: Table 'earthquake_monitor.filter_rules_pubsentimentr' doesn't exist
	at sun.reflect.NativeConstructorAccessorImpl.newInstance0(Native Method)
	at sun.reflect.NativeConstructorAccessorImpl.newInstance(NativeConstructorAccessorImpl.java:57)
	at sun.reflect.DelegatingConstructorAccessorImpl.newInstance(DelegatingConstructorAccessorImpl.java:45)
	at java.lang.reflect.Constructor.newInstance(Constructor.java:526)
	at com.mysql.jdbc.Util.handleNewInstance(Util.java:408)
	at com.mysql.jdbc.Util.getInstance(Util.java:383)
	at com.mysql.jdbc.SQLError.createSQLException(SQLError.java:1062)
	at com.mysql.jdbc.MysqlIO.checkErrorPacket(MysqlIO.java:4208)
	at com.mysql.jdbc.MysqlIO.checkErrorPacket(MysqlIO.java:4140)
	at com.mysql.jdbc.MysqlIO.sendCommand(MysqlIO.java:2597)
	at com.mysql.jdbc.MysqlIO.sqlQueryDirect(MysqlIO.java:2758)
	at com.mysql.jdbc.ConnectionImpl.execSQL(ConnectionImpl.java:2826)
	at com.mysql.jdbc.PreparedStatement.executeInternal(PreparedStatement.java:2082)
	at com.mysql.jdbc.PreparedStatement.execute(PreparedStatement.java:1302)
	at org.apache.ibatis.executor.statement.PreparedStatementHandler.query(PreparedStatementHandler.java:56)
	at org.apache.ibatis.executor.statement.RoutingStatementHandler.query(RoutingStatementHandler.java:70)
	at org.apache.ibatis.executor.SimpleExecutor.doQuery(SimpleExecutor.java:57)
	at org.apache.ibatis.executor.BaseExecutor.queryFromDatabase(BaseExecutor.java:267)
	at org.apache.ibatis.executor.BaseExecutor.query(BaseExecutor.java:141)
	at org.apache.ibatis.executor.CachingExecutor.query(CachingExecutor.java:105)
	at org.apache.ibatis.executor.CachingExecutor.query(CachingExecutor.java:81)
	at org.apache.ibatis.session.defaults.DefaultSqlSession.selectList(DefaultSqlSession.java:101)
	... 12 more
 {com.glacier.earthquake.monitor.server.util.Data2Object.filterRulesPubSentiment(Data2Object.java:80)}
2015-05-01 19:01:00 [ERROR] - org.apache.ibatis.exceptions.PersistenceException: 
### Error querying database.  Cause: org.apache.ibatis.reflection.ReflectionException: Could not set property 'unexit' of 'class com.glacier.earthquake.monitor.server.pojo.FilterPublicSentiment' with value '汶川 新西兰 玉树' Cause: org.apache.ibatis.reflection.ReflectionException: There is no setter for property named 'unexit' in 'class com.glacier.earthquake.monitor.server.pojo.FilterPublicSentiment'
### The error may exist in sqlmap/sqlmap-filterules_pubsentiment.xml
### The error may involve defaultParameterMap
### The error occurred while setting parameters
### SQL: SELECT * FROM filter_rules_pubsentiment;
### Cause: org.apache.ibatis.reflection.ReflectionException: Could not set property 'unexit' of 'class com.glacier.earthquake.monitor.server.pojo.FilterPublicSentiment' with value '汶川 新西兰 玉树' Cause: org.apache.ibatis.reflection.ReflectionException: There is no setter for property named 'unexit' in 'class com.glacier.earthquake.monitor.server.pojo.FilterPublicSentiment'
	at org.apache.ibatis.exceptions.ExceptionFactory.wrapException(ExceptionFactory.java:23)
	at org.apache.ibatis.session.defaults.DefaultSqlSession.selectList(DefaultSqlSession.java:104)
	at org.apache.ibatis.session.defaults.DefaultSqlSession.selectList(DefaultSqlSession.java:95)
	at org.apache.ibatis.binding.MapperMethod.executeForMany(MapperMethod.java:124)
	at org.apache.ibatis.binding.MapperMethod.execute(MapperMethod.java:90)
	at org.apache.ibatis.binding.MapperProxy.invoke(MapperProxy.java:40)
	at com.sun.proxy.$Proxy0.getFilterRulesPubSentiment(Unknown Source)
	at com.glacier.earthquake.monitor.server.util.Data2Object.filterRulesPubSentiment(Data2Object.java:74)
	at Main.main(Main.java:14)
	at sun.reflect.NativeMethodAccessorImpl.invoke0(Native Method)
	at sun.reflect.NativeMethodAccessorImpl.invoke(NativeMethodAccessorImpl.java:57)
	at sun.reflect.DelegatingMethodAccessorImpl.invoke(DelegatingMethodAccessorImpl.java:43)
	at java.lang.reflect.Method.invoke(Method.java:606)
	at com.intellij.rt.execution.application.AppMain.main(AppMain.java:140)
Caused by: org.apache.ibatis.reflection.ReflectionException: Could not set property 'unexit' of 'class com.glacier.earthquake.monitor.server.pojo.FilterPublicSentiment' with value '汶川 新西兰 玉树' Cause: org.apache.ibatis.reflection.ReflectionException: There is no setter for property named 'unexit' in 'class com.glacier.earthquake.monitor.server.pojo.FilterPublicSentiment'
	at org.apache.ibatis.reflection.wrapper.BeanWrapper.setBeanProperty(BeanWrapper.java:174)
	at org.apache.ibatis.reflection.wrapper.BeanWrapper.set(BeanWrapper.java:53)
	at org.apache.ibatis.reflection.MetaObject.setValue(MetaObject.java:140)
	at org.apache.ibatis.executor.resultset.FastResultSetHandler.applyPropertyMappings(FastResultSetHandler.java:299)
	at org.apache.ibatis.executor.resultset.FastResultSetHandler.getRowValue(FastResultSetHandler.java:264)
	at org.apache.ibatis.executor.resultset.FastResultSetHandler.handleRowValues(FastResultSetHandler.java:214)
	at org.apache.ibatis.executor.resultset.FastResultSetHandler.handleResultSet(FastResultSetHandler.java:186)
	at org.apache.ibatis.executor.resultset.FastResultSetHandler.handleResultSets(FastResultSetHandler.java:152)
	at org.apache.ibatis.executor.statement.PreparedStatementHandler.query(PreparedStatementHandler.java:57)
	at org.apache.ibatis.executor.statement.RoutingStatementHandler.query(RoutingStatementHandler.java:70)
	at org.apache.ibatis.executor.SimpleExecutor.doQuery(SimpleExecutor.java:57)
	at org.apache.ibatis.executor.BaseExecutor.queryFromDatabase(BaseExecutor.java:267)
	at org.apache.ibatis.executor.BaseExecutor.query(BaseExecutor.java:141)
	at org.apache.ibatis.executor.CachingExecutor.query(CachingExecutor.java:105)
	at org.apache.ibatis.executor.CachingExecutor.query(CachingExecutor.java:81)
	at org.apache.ibatis.session.defaults.DefaultSqlSession.selectList(DefaultSqlSession.java:101)
	... 12 more
Caused by: org.apache.ibatis.reflection.ReflectionException: There is no setter for property named 'unexit' in 'class com.glacier.earthquake.monitor.server.pojo.FilterPublicSentiment'
	at org.apache.ibatis.reflection.Reflector.getSetInvoker(Reflector.java:325)
	at org.apache.ibatis.reflection.MetaClass.getSetInvoker(MetaClass.java:164)
	at org.apache.ibatis.reflection.wrapper.BeanWrapper.setBeanProperty(BeanWrapper.java:166)
	... 27 more
 {com.glacier.earthquake.monitor.server.util.Data2Object.filterRulesPubSentiment(Data2Object.java:80)}
2015-05-01 19:17:03 [ERROR] - java.lang.IllegalArgumentException: Mapped Statements collection does not contain value for com.glacier.earthquake.monitor.server.util.MysqlOperation.getFilterRulesWhiteList
	at org.apache.ibatis.session.Configuration$StrictMap.get(Configuration.java:672)
	at org.apache.ibatis.session.Configuration.getMappedStatement(Configuration.java:507)
	at org.apache.ibatis.session.Configuration.getMappedStatement(Configuration.java:500)
	at org.apache.ibatis.binding.MapperMethod.setupCommandType(MapperMethod.java:240)
	at org.apache.ibatis.binding.MapperMethod.<init>(MapperMethod.java:71)
	at org.apache.ibatis.binding.MapperProxy.invoke(MapperProxy.java:39)
	at com.sun.proxy.$Proxy0.getFilterRulesWhiteList(Unknown Source)
	at com.glacier.earthquake.monitor.server.util.Data2Object.filterRulesWhiteList(Data2Object.java:89)
	at Main.main(Main.java:15)
	at sun.reflect.NativeMethodAccessorImpl.invoke0(Native Method)
	at sun.reflect.NativeMethodAccessorImpl.invoke(NativeMethodAccessorImpl.java:57)
	at sun.reflect.DelegatingMethodAccessorImpl.invoke(DelegatingMethodAccessorImpl.java:43)
	at java.lang.reflect.Method.invoke(Method.java:606)
	at com.intellij.rt.execution.application.AppMain.main(AppMain.java:140)
 {com.glacier.earthquake.monitor.server.util.Data2Object.filterRulesWhiteList(Data2Object.java:95)}
2015-05-01 19:17:53 [ERROR] - java.lang.IllegalArgumentException: Mapped Statements collection does not contain value for com.glacier.earthquake.monitor.server.util.MysqlOperation.getFilterRulesWhiteList
	at org.apache.ibatis.session.Configuration$StrictMap.get(Configuration.java:672)
	at org.apache.ibatis.session.Configuration.getMappedStatement(Configuration.java:507)
	at org.apache.ibatis.session.Configuration.getMappedStatement(Configuration.java:500)
	at org.apache.ibatis.binding.MapperMethod.setupCommandType(MapperMethod.java:240)
	at org.apache.ibatis.binding.MapperMethod.<init>(MapperMethod.java:71)
	at org.apache.ibatis.binding.MapperProxy.invoke(MapperProxy.java:39)
	at com.sun.proxy.$Proxy0.getFilterRulesWhiteList(Unknown Source)
	at com.glacier.earthquake.monitor.server.util.Data2Object.filterRulesWhiteList(Data2Object.java:89)
	at Main.main(Main.java:15)
	at sun.reflect.NativeMethodAccessorImpl.invoke0(Native Method)
	at sun.reflect.NativeMethodAccessorImpl.invoke(NativeMethodAccessorImpl.java:57)
	at sun.reflect.DelegatingMethodAccessorImpl.invoke(DelegatingMethodAccessorImpl.java:43)
	at java.lang.reflect.Method.invoke(Method.java:606)
	at com.intellij.rt.execution.application.AppMain.main(AppMain.java:140)
 {com.glacier.earthquake.monitor.server.util.Data2Object.filterRulesWhiteList(Data2Object.java:95)}
2015-05-01 19:19:26 [ERROR] - org.apache.ibatis.exceptions.PersistenceException: 
### Error querying database.  Cause: org.apache.ibatis.reflection.ReflectionException: Could not set property 'createDate' of 'class com.glacier.earthquake.monitor.server.pojo.FilterWhiteList' with value '2015-05-01 19:19:15.0' Cause: org.apache.ibatis.reflection.ReflectionException: There is no setter for property named 'createDate' in 'class com.glacier.earthquake.monitor.server.pojo.FilterWhiteList'
### The error may exist in sqlmap/sqlmap-filterules_whitelist.xml
### The error may involve defaultParameterMap
### The error occurred while setting parameters
### SQL: SELECT * FROM filter_rules_whitelist;
### Cause: org.apache.ibatis.reflection.ReflectionException: Could not set property 'createDate' of 'class com.glacier.earthquake.monitor.server.pojo.FilterWhiteList' with value '2015-05-01 19:19:15.0' Cause: org.apache.ibatis.reflection.ReflectionException: There is no setter for property named 'createDate' in 'class com.glacier.earthquake.monitor.server.pojo.FilterWhiteList'
	at org.apache.ibatis.exceptions.ExceptionFactory.wrapException(ExceptionFactory.java:23)
	at org.apache.ibatis.session.defaults.DefaultSqlSession.selectList(DefaultSqlSession.java:104)
	at org.apache.ibatis.session.defaults.DefaultSqlSession.selectList(DefaultSqlSession.java:95)
	at org.apache.ibatis.binding.MapperMethod.executeForMany(MapperMethod.java:124)
	at org.apache.ibatis.binding.MapperMethod.execute(MapperMethod.java:90)
	at org.apache.ibatis.binding.MapperProxy.invoke(MapperProxy.java:40)
	at com.sun.proxy.$Proxy0.getFilterRulesWhiteList(Unknown Source)
	at com.glacier.earthquake.monitor.server.util.Data2Object.filterRulesWhiteList(Data2Object.java:89)
	at Main.main(Main.java:15)
	at sun.reflect.NativeMethodAccessorImpl.invoke0(Native Method)
	at sun.reflect.NativeMethodAccessorImpl.invoke(NativeMethodAccessorImpl.java:57)
	at sun.reflect.DelegatingMethodAccessorImpl.invoke(DelegatingMethodAccessorImpl.java:43)
	at java.lang.reflect.Method.invoke(Method.java:606)
	at com.intellij.rt.execution.application.AppMain.main(AppMain.java:140)
Caused by: org.apache.ibatis.reflection.ReflectionException: Could not set property 'createDate' of 'class com.glacier.earthquake.monitor.server.pojo.FilterWhiteList' with value '2015-05-01 19:19:15.0' Cause: org.apache.ibatis.reflection.ReflectionException: There is no setter for property named 'createDate' in 'class com.glacier.earthquake.monitor.server.pojo.FilterWhiteList'
	at org.apache.ibatis.reflection.wrapper.BeanWrapper.setBeanProperty(BeanWrapper.java:174)
	at org.apache.ibatis.reflection.wrapper.BeanWrapper.set(BeanWrapper.java:53)
	at org.apache.ibatis.reflection.MetaObject.setValue(MetaObject.java:140)
	at org.apache.ibatis.executor.resultset.FastResultSetHandler.applyPropertyMappings(FastResultSetHandler.java:299)
	at org.apache.ibatis.executor.resultset.FastResultSetHandler.getRowValue(FastResultSetHandler.java:264)
	at org.apache.ibatis.executor.resultset.FastResultSetHandler.handleRowValues(FastResultSetHandler.java:214)
	at org.apache.ibatis.executor.resultset.FastResultSetHandler.handleResultSet(FastResultSetHandler.java:186)
	at org.apache.ibatis.executor.resultset.FastResultSetHandler.handleResultSets(FastResultSetHandler.java:152)
	at org.apache.ibatis.executor.statement.PreparedStatementHandler.query(PreparedStatementHandler.java:57)
	at org.apache.ibatis.executor.statement.RoutingStatementHandler.query(RoutingStatementHandler.java:70)
	at org.apache.ibatis.executor.SimpleExecutor.doQuery(SimpleExecutor.java:57)
	at org.apache.ibatis.executor.BaseExecutor.queryFromDatabase(BaseExecutor.java:267)
	at org.apache.ibatis.executor.BaseExecutor.query(BaseExecutor.java:141)
	at org.apache.ibatis.executor.CachingExecutor.query(CachingExecutor.java:105)
	at org.apache.ibatis.executor.CachingExecutor.query(CachingExecutor.java:81)
	at org.apache.ibatis.session.defaults.DefaultSqlSession.selectList(DefaultSqlSession.java:101)
	... 12 more
Caused by: org.apache.ibatis.reflection.ReflectionException: There is no setter for property named 'createDate' in 'class com.glacier.earthquake.monitor.server.pojo.FilterWhiteList'
	at org.apache.ibatis.reflection.Reflector.getSetInvoker(Reflector.java:325)
	at org.apache.ibatis.reflection.MetaClass.getSetInvoker(MetaClass.java:164)
	at org.apache.ibatis.reflection.wrapper.BeanWrapper.setBeanProperty(BeanWrapper.java:166)
	... 27 more
 {com.glacier.earthquake.monitor.server.util.Data2Object.filterRulesWhiteList(Data2Object.java:95)}
2015-05-01 19:29:25 [ERROR] - org.apache.ibatis.exceptions.PersistenceException: 
### Error building SqlSession.
### The error may exist in sqlmap/sqlmap-filterules_whitelist.xml
### The error occurred while processing mapper_resultMap[filter_whitelist]
### Cause: org.apache.ibatis.builder.BuilderException: Error parsing SQL Mapper Configuration. Cause: java.lang.RuntimeException: Error parsing Mapper XML. Cause: org.apache.ibatis.builder.BuilderException: Error resolving class . Cause: org.apache.ibatis.type.TypeException: Could not resolve type alias 'filter_whitelist'.  Cause: java.lang.ClassNotFoundException: Cannot find class: filter_whitelist
	at org.apache.ibatis.exceptions.ExceptionFactory.wrapException(ExceptionFactory.java:23)
	at org.apache.ibatis.session.SqlSessionFactoryBuilder.build(SqlSessionFactoryBuilder.java:51)
	at org.apache.ibatis.session.SqlSessionFactoryBuilder.build(SqlSessionFactoryBuilder.java:35)
	at com.glacier.earthquake.monitor.server.util.Data2Object.init(Data2Object.java:32)
	at com.glacier.earthquake.monitor.server.util.Data2Object.filterRulesWhiteList(Data2Object.java:88)
	at Main.main(Main.java:16)
	at sun.reflect.NativeMethodAccessorImpl.invoke0(Native Method)
	at sun.reflect.NativeMethodAccessorImpl.invoke(NativeMethodAccessorImpl.java:57)
	at sun.reflect.DelegatingMethodAccessorImpl.invoke(DelegatingMethodAccessorImpl.java:43)
	at java.lang.reflect.Method.invoke(Method.java:606)
	at com.intellij.rt.execution.application.AppMain.main(AppMain.java:140)
Caused by: org.apache.ibatis.builder.BuilderException: Error parsing SQL Mapper Configuration. Cause: java.lang.RuntimeException: Error parsing Mapper XML. Cause: org.apache.ibatis.builder.BuilderException: Error resolving class . Cause: org.apache.ibatis.type.TypeException: Could not resolve type alias 'filter_whitelist'.  Cause: java.lang.ClassNotFoundException: Cannot find class: filter_whitelist
	at org.apache.ibatis.builder.xml.XMLConfigBuilder.parseConfiguration(XMLConfigBuilder.java:105)
	at org.apache.ibatis.builder.xml.XMLConfigBuilder.parse(XMLConfigBuilder.java:88)
	at org.apache.ibatis.session.SqlSessionFactoryBuilder.build(SqlSessionFactoryBuilder.java:49)
	... 9 more
Caused by: java.lang.RuntimeException: Error parsing Mapper XML. Cause: org.apache.ibatis.builder.BuilderException: Error resolving class . Cause: org.apache.ibatis.type.TypeException: Could not resolve type alias 'filter_whitelist'.  Cause: java.lang.ClassNotFoundException: Cannot find class: filter_whitelist
	at org.apache.ibatis.builder.xml.XMLMapperBuilder.configurationElement(XMLMapperBuilder.java:113)
	at org.apache.ibatis.builder.xml.XMLMapperBuilder.parse(XMLMapperBuilder.java:88)
	at org.apache.ibatis.builder.xml.XMLConfigBuilder.mapperElement(XMLConfigBuilder.java:311)
	at org.apache.ibatis.builder.xml.XMLConfigBuilder.parseConfiguration(XMLConfigBuilder.java:103)
	... 11 more
Caused by: org.apache.ibatis.builder.BuilderException: Error resolving class . Cause: org.apache.ibatis.type.TypeException: Could not resolve type alias 'filter_whitelist'.  Cause: java.lang.ClassNotFoundException: Cannot find class: filter_whitelist
	at org.apache.ibatis.builder.BaseBuilder.resolveClass(BaseBuilder.java:94)
	at org.apache.ibatis.builder.xml.XMLStatementBuilder.parseStatementNode(XMLStatementBuilder.java:79)
	at org.apache.ibatis.builder.xml.XMLMapperBuilder.buildStatementFromContext(XMLMapperBuilder.java:128)
	at org.apache.ibatis.builder.xml.XMLMapperBuilder.buildStatementFromContext(XMLMapperBuilder.java:121)
	at org.apache.ibatis.builder.xml.XMLMapperBuilder.configurationElement(XMLMapperBuilder.java:111)
	... 14 more
Caused by: org.apache.ibatis.type.TypeException: Could not resolve type alias 'filter_whitelist'.  Cause: java.lang.ClassNotFoundException: Cannot find class: filter_whitelist
	at org.apache.ibatis.type.TypeAliasRegistry.resolveAlias(TypeAliasRegistry.java:109)
	at org.apache.ibatis.builder.BaseBuilder.resolveAlias(BaseBuilder.java:115)
	at org.apache.ibatis.builder.BaseBuilder.resolveClass(BaseBuilder.java:92)
	... 18 more
Caused by: java.lang.ClassNotFoundException: Cannot find class: filter_whitelist
	at org.apache.ibatis.io.ClassLoaderWrapper.classForName(ClassLoaderWrapper.java:188)
	at org.apache.ibatis.io.ClassLoaderWrapper.classForName(ClassLoaderWrapper.java:87)
	at org.apache.ibatis.io.Resources.classForName(Resources.java:250)
	at org.apache.ibatis.type.TypeAliasRegistry.resolveAlias(TypeAliasRegistry.java:105)
	... 20 more
 {com.glacier.earthquake.monitor.server.util.Data2Object.init(Data2Object.java:38)}
2015-05-01 19:29:25 [ERROR] - java.lang.NullPointerException
	at com.glacier.earthquake.monitor.server.util.Data2Object.filterRulesWhiteList(Data2Object.java:89)
	at Main.main(Main.java:16)
	at sun.reflect.NativeMethodAccessorImpl.invoke0(Native Method)
	at sun.reflect.NativeMethodAccessorImpl.invoke(NativeMethodAccessorImpl.java:57)
	at sun.reflect.DelegatingMethodAccessorImpl.invoke(DelegatingMethodAccessorImpl.java:43)
	at java.lang.reflect.Method.invoke(Method.java:606)
	at com.intellij.rt.execution.application.AppMain.main(AppMain.java:140)
 {com.glacier.earthquake.monitor.server.util.Data2Object.filterRulesWhiteList(Data2Object.java:95)}
2015-05-01 19:32:44 [ERROR] - org.apache.ibatis.exceptions.PersistenceException: 
### Error updating database.  Cause: com.mysql.jdbc.MysqlDataTruncation: Data truncation: Truncated incorrect DOUBLE value: 'www.hao123.com'
### The error may involve com.glacier.earthquake.monitor.server.util.MysqlOperation.setFilterRulesWhite-Inline
### The error occurred while setting parameters
### SQL: UPDATE filter_rules_whitelist SET url = ? AND create_date = now() WHERE id = ?;
### Cause: com.mysql.jdbc.MysqlDataTruncation: Data truncation: Truncated incorrect DOUBLE value: 'www.hao123.com'
	at org.apache.ibatis.exceptions.ExceptionFactory.wrapException(ExceptionFactory.java:23)
	at org.apache.ibatis.session.defaults.DefaultSqlSession.update(DefaultSqlSession.java:147)
	at org.apache.ibatis.binding.MapperMethod.execute(MapperMethod.java:82)
	at org.apache.ibatis.binding.MapperProxy.invoke(MapperProxy.java:40)
	at com.sun.proxy.$Proxy0.setFilterRulesWhite(Unknown Source)
	at com.glacier.earthquake.monitor.server.util.Object2Data.setFilterWhiteList(Object2Data.java:42)
	at Main.main(Main.java:25)
	at sun.reflect.NativeMethodAccessorImpl.invoke0(Native Method)
	at sun.reflect.NativeMethodAccessorImpl.invoke(NativeMethodAccessorImpl.java:57)
	at sun.reflect.DelegatingMethodAccessorImpl.invoke(DelegatingMethodAccessorImpl.java:43)
	at java.lang.reflect.Method.invoke(Method.java:606)
	at com.intellij.rt.execution.application.AppMain.main(AppMain.java:140)
Caused by: com.mysql.jdbc.MysqlDataTruncation: Data truncation: Truncated incorrect DOUBLE value: 'www.hao123.com'
	at com.mysql.jdbc.MysqlIO.checkErrorPacket(MysqlIO.java:4206)
	at com.mysql.jdbc.MysqlIO.checkErrorPacket(MysqlIO.java:4140)
	at com.mysql.jdbc.MysqlIO.sendCommand(MysqlIO.java:2597)
	at com.mysql.jdbc.MysqlIO.sqlQueryDirect(MysqlIO.java:2758)
	at com.mysql.jdbc.ConnectionImpl.execSQL(ConnectionImpl.java:2826)
	at com.mysql.jdbc.PreparedStatement.executeInternal(PreparedStatement.java:2082)
	at com.mysql.jdbc.PreparedStatement.execute(PreparedStatement.java:1302)
	at org.apache.ibatis.executor.statement.PreparedStatementHandler.update(PreparedStatementHandler.java:41)
	at org.apache.ibatis.executor.statement.RoutingStatementHandler.update(RoutingStatementHandler.java:66)
	at org.apache.ibatis.executor.SimpleExecutor.doUpdate(SimpleExecutor.java:45)
	at org.apache.ibatis.executor.BaseExecutor.update(BaseExecutor.java:108)
	at org.apache.ibatis.executor.CachingExecutor.update(CachingExecutor.java:75)
	at org.apache.ibatis.session.defaults.DefaultSqlSession.update(DefaultSqlSession.java:145)
	... 10 more
 {com.glacier.earthquake.monitor.server.util.Object2Data.setFilterWhiteList(Object2Data.java:47)}
2015-05-01 19:33:19 [ERROR] - org.apache.ibatis.exceptions.PersistenceException: 
### Error updating database.  Cause: com.mysql.jdbc.MysqlDataTruncation: Data truncation: Truncated incorrect DOUBLE value: 'www.hao1232.com'
### The error may involve com.glacier.earthquake.monitor.server.util.MysqlOperation.setFilterRulesWhite-Inline
### The error occurred while setting parameters
### SQL: UPDATE filter_rules_whitelist SET url = ? AND create_date = now() WHERE id = ?;
### Cause: com.mysql.jdbc.MysqlDataTruncation: Data truncation: Truncated incorrect DOUBLE value: 'www.hao1232.com'
	at org.apache.ibatis.exceptions.ExceptionFactory.wrapException(ExceptionFactory.java:23)
	at org.apache.ibatis.session.defaults.DefaultSqlSession.update(DefaultSqlSession.java:147)
	at org.apache.ibatis.binding.MapperMethod.execute(MapperMethod.java:82)
	at org.apache.ibatis.binding.MapperProxy.invoke(MapperProxy.java:40)
	at com.sun.proxy.$Proxy0.setFilterRulesWhite(Unknown Source)
	at com.glacier.earthquake.monitor.server.util.Object2Data.setFilterWhiteList(Object2Data.java:42)
	at Main.main(Main.java:25)
	at sun.reflect.NativeMethodAccessorImpl.invoke0(Native Method)
	at sun.reflect.NativeMethodAccessorImpl.invoke(NativeMethodAccessorImpl.java:57)
	at sun.reflect.DelegatingMethodAccessorImpl.invoke(DelegatingMethodAccessorImpl.java:43)
	at java.lang.reflect.Method.invoke(Method.java:606)
	at com.intellij.rt.execution.application.AppMain.main(AppMain.java:140)
Caused by: com.mysql.jdbc.MysqlDataTruncation: Data truncation: Truncated incorrect DOUBLE value: 'www.hao1232.com'
	at com.mysql.jdbc.MysqlIO.checkErrorPacket(MysqlIO.java:4206)
	at com.mysql.jdbc.MysqlIO.checkErrorPacket(MysqlIO.java:4140)
	at com.mysql.jdbc.MysqlIO.sendCommand(MysqlIO.java:2597)
	at com.mysql.jdbc.MysqlIO.sqlQueryDirect(MysqlIO.java:2758)
	at com.mysql.jdbc.ConnectionImpl.execSQL(ConnectionImpl.java:2826)
	at com.mysql.jdbc.PreparedStatement.executeInternal(PreparedStatement.java:2082)
	at com.mysql.jdbc.PreparedStatement.execute(PreparedStatement.java:1302)
	at org.apache.ibatis.executor.statement.PreparedStatementHandler.update(PreparedStatementHandler.java:41)
	at org.apache.ibatis.executor.statement.RoutingStatementHandler.update(RoutingStatementHandler.java:66)
	at org.apache.ibatis.executor.SimpleExecutor.doUpdate(SimpleExecutor.java:45)
	at org.apache.ibatis.executor.BaseExecutor.update(BaseExecutor.java:108)
	at org.apache.ibatis.executor.CachingExecutor.update(CachingExecutor.java:75)
	at org.apache.ibatis.session.defaults.DefaultSqlSession.update(DefaultSqlSession.java:145)
	... 10 more
 {com.glacier.earthquake.monitor.server.util.Object2Data.setFilterWhiteList(Object2Data.java:47)}
2015-05-01 19:36:11 [ERROR] - org.apache.ibatis.exceptions.PersistenceException: 
### Error updating database.  Cause: com.mysql.jdbc.exceptions.jdbc4.MySQLSyntaxErrorException: You have an error in your SQL syntax; check the manual that corresponds to your MySQL server version for the right syntax to use near 'WHERE id = 2' at line 1
### The error may involve com.glacier.earthquake.monitor.server.util.MysqlOperation.delFilterRulesWhite-Inline
### The error occurred while setting parameters
### SQL: DELETE filter_rules_whitelist WHERE id = ?;
### Cause: com.mysql.jdbc.exceptions.jdbc4.MySQLSyntaxErrorException: You have an error in your SQL syntax; check the manual that corresponds to your MySQL server version for the right syntax to use near 'WHERE id = 2' at line 1
	at org.apache.ibatis.exceptions.ExceptionFactory.wrapException(ExceptionFactory.java:23)
	at org.apache.ibatis.session.defaults.DefaultSqlSession.update(DefaultSqlSession.java:147)
	at org.apache.ibatis.session.defaults.DefaultSqlSession.delete(DefaultSqlSession.java:158)
	at org.apache.ibatis.binding.MapperMethod.execute(MapperMethod.java:85)
	at org.apache.ibatis.binding.MapperProxy.invoke(MapperProxy.java:40)
	at com.sun.proxy.$Proxy0.delFilterRulesWhite(Unknown Source)
	at com.glacier.earthquake.monitor.server.util.Object2Data.delFilterWhiteList(Object2Data.java:54)
	at Main.main(Main.java:24)
	at sun.reflect.NativeMethodAccessorImpl.invoke0(Native Method)
	at sun.reflect.NativeMethodAccessorImpl.invoke(NativeMethodAccessorImpl.java:57)
	at sun.reflect.DelegatingMethodAccessorImpl.invoke(DelegatingMethodAccessorImpl.java:43)
	at java.lang.reflect.Method.invoke(Method.java:606)
	at com.intellij.rt.execution.application.AppMain.main(AppMain.java:140)
Caused by: com.mysql.jdbc.exceptions.jdbc4.MySQLSyntaxErrorException: You have an error in your SQL syntax; check the manual that corresponds to your MySQL server version for the right syntax to use near 'WHERE id = 2' at line 1
	at sun.reflect.NativeConstructorAccessorImpl.newInstance0(Native Method)
	at sun.reflect.NativeConstructorAccessorImpl.newInstance(NativeConstructorAccessorImpl.java:57)
	at sun.reflect.DelegatingConstructorAccessorImpl.newInstance(DelegatingConstructorAccessorImpl.java:45)
	at java.lang.reflect.Constructor.newInstance(Constructor.java:526)
	at com.mysql.jdbc.Util.handleNewInstance(Util.java:408)
	at com.mysql.jdbc.Util.getInstance(Util.java:383)
	at com.mysql.jdbc.SQLError.createSQLException(SQLError.java:1062)
	at com.mysql.jdbc.MysqlIO.checkErrorPacket(MysqlIO.java:4208)
	at com.mysql.jdbc.MysqlIO.checkErrorPacket(MysqlIO.java:4140)
	at com.mysql.jdbc.MysqlIO.sendCommand(MysqlIO.java:2597)
	at com.mysql.jdbc.MysqlIO.sqlQueryDirect(MysqlIO.java:2758)
	at com.mysql.jdbc.ConnectionImpl.execSQL(ConnectionImpl.java:2826)
	at com.mysql.jdbc.PreparedStatement.executeInternal(PreparedStatement.java:2082)
	at com.mysql.jdbc.PreparedStatement.execute(PreparedStatement.java:1302)
	at org.apache.ibatis.executor.statement.PreparedStatementHandler.update(PreparedStatementHandler.java:41)
	at org.apache.ibatis.executor.statement.RoutingStatementHandler.update(RoutingStatementHandler.java:66)
	at org.apache.ibatis.executor.SimpleExecutor.doUpdate(SimpleExecutor.java:45)
	at org.apache.ibatis.executor.BaseExecutor.update(BaseExecutor.java:108)
	at org.apache.ibatis.executor.CachingExecutor.update(CachingExecutor.java:75)
	at org.apache.ibatis.session.defaults.DefaultSqlSession.update(DefaultSqlSession.java:145)
	... 11 more
 {com.glacier.earthquake.monitor.server.util.Object2Data.delFilterWhiteList(Object2Data.java:59)}
2015-05-01 19:54:47 [ERROR] - org.apache.ibatis.exceptions.PersistenceException: 
### Error updating database.  Cause: com.mysql.jdbc.exceptions.jdbc4.MySQLSyntaxErrorException: Unknown column '我是斯巴达' in 'field list'
### The error may involve com.glacier.earthquake.monitor.server.util.MysqlOperation.setFilterRulesPubSentiment-Inline
### The error occurred while setting parameters
### SQL: UPDATE filter_rules_pubsentiment SET name = 我是斯巴达, matcher = ?, unexist = ? WHERE id = ?;
### Cause: com.mysql.jdbc.exceptions.jdbc4.MySQLSyntaxErrorException: Unknown column '我是斯巴达' in 'field list'
	at org.apache.ibatis.exceptions.ExceptionFactory.wrapException(ExceptionFactory.java:23)
	at org.apache.ibatis.session.defaults.DefaultSqlSession.update(DefaultSqlSession.java:147)
	at org.apache.ibatis.binding.MapperMethod.execute(MapperMethod.java:82)
	at org.apache.ibatis.binding.MapperProxy.invoke(MapperProxy.java:40)
	at com.sun.proxy.$Proxy0.setFilterRulesPubSentiment(Unknown Source)
	at com.glacier.earthquake.monitor.server.util.Object2Data.setFilterRulesPubSentiment(Object2Data.java:85)
	at Main.main(Main.java:25)
	at sun.reflect.NativeMethodAccessorImpl.invoke0(Native Method)
	at sun.reflect.NativeMethodAccessorImpl.invoke(NativeMethodAccessorImpl.java:57)
	at sun.reflect.DelegatingMethodAccessorImpl.invoke(DelegatingMethodAccessorImpl.java:43)
	at java.lang.reflect.Method.invoke(Method.java:606)
	at com.intellij.rt.execution.application.AppMain.main(AppMain.java:140)
Caused by: com.mysql.jdbc.exceptions.jdbc4.MySQLSyntaxErrorException: Unknown column '我是斯巴达' in 'field list'
	at sun.reflect.NativeConstructorAccessorImpl.newInstance0(Native Method)
	at sun.reflect.NativeConstructorAccessorImpl.newInstance(NativeConstructorAccessorImpl.java:57)
	at sun.reflect.DelegatingConstructorAccessorImpl.newInstance(DelegatingConstructorAccessorImpl.java:45)
	at java.lang.reflect.Constructor.newInstance(Constructor.java:526)
	at com.mysql.jdbc.Util.handleNewInstance(Util.java:408)
	at com.mysql.jdbc.Util.getInstance(Util.java:383)
	at com.mysql.jdbc.SQLError.createSQLException(SQLError.java:1062)
	at com.mysql.jdbc.MysqlIO.checkErrorPacket(MysqlIO.java:4208)
	at com.mysql.jdbc.MysqlIO.checkErrorPacket(MysqlIO.java:4140)
	at com.mysql.jdbc.MysqlIO.sendCommand(MysqlIO.java:2597)
	at com.mysql.jdbc.MysqlIO.sqlQueryDirect(MysqlIO.java:2758)
	at com.mysql.jdbc.ConnectionImpl.execSQL(ConnectionImpl.java:2826)
	at com.mysql.jdbc.PreparedStatement.executeInternal(PreparedStatement.java:2082)
	at com.mysql.jdbc.PreparedStatement.execute(PreparedStatement.java:1302)
	at org.apache.ibatis.executor.statement.PreparedStatementHandler.update(PreparedStatementHandler.java:41)
	at org.apache.ibatis.executor.statement.RoutingStatementHandler.update(RoutingStatementHandler.java:66)
	at org.apache.ibatis.executor.SimpleExecutor.doUpdate(SimpleExecutor.java:45)
	at org.apache.ibatis.executor.BaseExecutor.update(BaseExecutor.java:108)
	at org.apache.ibatis.executor.CachingExecutor.update(CachingExecutor.java:75)
	at org.apache.ibatis.session.defaults.DefaultSqlSession.update(DefaultSqlSession.java:145)
	... 10 more
 {com.glacier.earthquake.monitor.server.util.Object2Data.setFilterRulesPubSentiment(Object2Data.java:90)}
2015-05-01 19:56:11 [ERROR] - org.apache.ibatis.exceptions.PersistenceException: 
### Error updating database.  Cause: com.mysql.jdbc.exceptions.jdbc4.MySQLSyntaxErrorException: Unknown column '我是斯巴达' in 'field list'
### The error may involve com.glacier.earthquake.monitor.server.util.MysqlOperation.setFilterRulesPubSentiment-Inline
### The error occurred while setting parameters
### SQL: UPDATE filter_rules_pubsentiment SET name = 我是斯巴达, matcher = ?, unexist = ? WHERE id = ?;
### Cause: com.mysql.jdbc.exceptions.jdbc4.MySQLSyntaxErrorException: Unknown column '我是斯巴达' in 'field list'
	at org.apache.ibatis.exceptions.ExceptionFactory.wrapException(ExceptionFactory.java:23)
	at org.apache.ibatis.session.defaults.DefaultSqlSession.update(DefaultSqlSession.java:147)
	at org.apache.ibatis.binding.MapperMethod.execute(MapperMethod.java:82)
	at org.apache.ibatis.binding.MapperProxy.invoke(MapperProxy.java:40)
	at com.sun.proxy.$Proxy0.setFilterRulesPubSentiment(Unknown Source)
	at com.glacier.earthquake.monitor.server.util.Object2Data.setFilterRulesPubSentiment(Object2Data.java:85)
	at Main.main(Main.java:26)
	at sun.reflect.NativeMethodAccessorImpl.invoke0(Native Method)
	at sun.reflect.NativeMethodAccessorImpl.invoke(NativeMethodAccessorImpl.java:57)
	at sun.reflect.DelegatingMethodAccessorImpl.invoke(DelegatingMethodAccessorImpl.java:43)
	at java.lang.reflect.Method.invoke(Method.java:606)
	at com.intellij.rt.execution.application.AppMain.main(AppMain.java:140)
Caused by: com.mysql.jdbc.exceptions.jdbc4.MySQLSyntaxErrorException: Unknown column '我是斯巴达' in 'field list'
	at sun.reflect.NativeConstructorAccessorImpl.newInstance0(Native Method)
	at sun.reflect.NativeConstructorAccessorImpl.newInstance(NativeConstructorAccessorImpl.java:57)
	at sun.reflect.DelegatingConstructorAccessorImpl.newInstance(DelegatingConstructorAccessorImpl.java:45)
	at java.lang.reflect.Constructor.newInstance(Constructor.java:526)
	at com.mysql.jdbc.Util.handleNewInstance(Util.java:408)
	at com.mysql.jdbc.Util.getInstance(Util.java:383)
	at com.mysql.jdbc.SQLError.createSQLException(SQLError.java:1062)
	at com.mysql.jdbc.MysqlIO.checkErrorPacket(MysqlIO.java:4208)
	at com.mysql.jdbc.MysqlIO.checkErrorPacket(MysqlIO.java:4140)
	at com.mysql.jdbc.MysqlIO.sendCommand(MysqlIO.java:2597)
	at com.mysql.jdbc.MysqlIO.sqlQueryDirect(MysqlIO.java:2758)
	at com.mysql.jdbc.ConnectionImpl.execSQL(ConnectionImpl.java:2826)
	at com.mysql.jdbc.PreparedStatement.executeInternal(PreparedStatement.java:2082)
	at com.mysql.jdbc.PreparedStatement.execute(PreparedStatement.java:1302)
	at org.apache.ibatis.executor.statement.PreparedStatementHandler.update(PreparedStatementHandler.java:41)
	at org.apache.ibatis.executor.statement.RoutingStatementHandler.update(RoutingStatementHandler.java:66)
	at org.apache.ibatis.executor.SimpleExecutor.doUpdate(SimpleExecutor.java:45)
	at org.apache.ibatis.executor.BaseExecutor.update(BaseExecutor.java:108)
	at org.apache.ibatis.executor.CachingExecutor.update(CachingExecutor.java:75)
	at org.apache.ibatis.session.defaults.DefaultSqlSession.update(DefaultSqlSession.java:145)
	... 10 more
 {com.glacier.earthquake.monitor.server.util.Object2Data.setFilterRulesPubSentiment(Object2Data.java:90)}
2015-05-01 20:06:34 [ERROR] - org.apache.ibatis.exceptions.PersistenceException: 
### Error updating database.  Cause: org.apache.ibatis.reflection.ReflectionException: There is no getter for property named 'rule' in 'class com.glacier.earthquake.monitor.server.pojo.FilterDisaster'
### The error may involve com.glacier.earthquake.monitor.server.util.MysqlOperation.setFilterRulesDisaster-Inline
### The error occurred while setting parameters
### SQL: UPDATE filter_rules_disaster SET rule = ? WHERE id = ?;
### Cause: org.apache.ibatis.reflection.ReflectionException: There is no getter for property named 'rule' in 'class com.glacier.earthquake.monitor.server.pojo.FilterDisaster'
	at org.apache.ibatis.exceptions.ExceptionFactory.wrapException(ExceptionFactory.java:23)
	at org.apache.ibatis.session.defaults.DefaultSqlSession.update(DefaultSqlSession.java:147)
	at org.apache.ibatis.binding.MapperMethod.execute(MapperMethod.java:82)
	at org.apache.ibatis.binding.MapperProxy.invoke(MapperProxy.java:40)
	at com.sun.proxy.$Proxy0.setFilterRulesDisaster(Unknown Source)
	at com.glacier.earthquake.monitor.server.util.Object2Data.setFilterRulesDisaster(Object2Data.java:122)
	at Main.main(Main.java:26)
	at sun.reflect.NativeMethodAccessorImpl.invoke0(Native Method)
	at sun.reflect.NativeMethodAccessorImpl.invoke(NativeMethodAccessorImpl.java:57)
	at sun.reflect.DelegatingMethodAccessorImpl.invoke(DelegatingMethodAccessorImpl.java:43)
	at java.lang.reflect.Method.invoke(Method.java:606)
	at com.intellij.rt.execution.application.AppMain.main(AppMain.java:140)
Caused by: org.apache.ibatis.reflection.ReflectionException: There is no getter for property named 'rule' in 'class com.glacier.earthquake.monitor.server.pojo.FilterDisaster'
	at org.apache.ibatis.reflection.Reflector.getGetInvoker(Reflector.java:333)
	at org.apache.ibatis.reflection.MetaClass.getGetInvoker(MetaClass.java:160)
	at org.apache.ibatis.reflection.wrapper.BeanWrapper.getBeanProperty(BeanWrapper.java:151)
	at org.apache.ibatis.reflection.wrapper.BeanWrapper.get(BeanWrapper.java:44)
	at org.apache.ibatis.reflection.MetaObject.getValue(MetaObject.java:123)
	at org.apache.ibatis.executor.parameter.DefaultParameterHandler.setParameters(DefaultParameterHandler.java:83)
	at org.apache.ibatis.executor.statement.PreparedStatementHandler.parameterize(PreparedStatementHandler.java:77)
	at org.apache.ibatis.executor.statement.RoutingStatementHandler.parameterize(RoutingStatementHandler.java:58)
	at org.apache.ibatis.executor.SimpleExecutor.prepareStatement(SimpleExecutor.java:71)
	at org.apache.ibatis.executor.SimpleExecutor.doUpdate(SimpleExecutor.java:44)
	at org.apache.ibatis.executor.BaseExecutor.update(BaseExecutor.java:108)
	at org.apache.ibatis.executor.CachingExecutor.update(CachingExecutor.java:75)
	at org.apache.ibatis.session.defaults.DefaultSqlSession.update(DefaultSqlSession.java:145)
	... 10 more
 {com.glacier.earthquake.monitor.server.util.Object2Data.setFilterRulesDisaster(Object2Data.java:127)}
2015-05-01 21:19:29 [ERROR] - org.apache.ibatis.exceptions.PersistenceException: 
### Error building SqlSession.
### The error may exist in sqlmap/sqlmap-filterules_userinfo.xml
### The error occurred while processing mapper_resultMap[filter_whitelist]
### Cause: org.apache.ibatis.builder.BuilderException: Error parsing SQL Mapper Configuration. Cause: java.io.IOException: Could not find resource sqlmap/sqlmap-filterules_userinfo.xml
	at org.apache.ibatis.exceptions.ExceptionFactory.wrapException(ExceptionFactory.java:23)
	at org.apache.ibatis.session.SqlSessionFactoryBuilder.build(SqlSessionFactoryBuilder.java:51)
	at org.apache.ibatis.session.SqlSessionFactoryBuilder.build(SqlSessionFactoryBuilder.java:35)
	at com.glacier.earthquake.monitor.server.util.Data2Object.init(Data2Object.java:29)
	at com.glacier.earthquake.monitor.server.util.Data2Object.getUserInfo(Data2Object.java:99)
	at Main.main(Main.java:20)
	at sun.reflect.NativeMethodAccessorImpl.invoke0(Native Method)
	at sun.reflect.NativeMethodAccessorImpl.invoke(NativeMethodAccessorImpl.java:57)
	at sun.reflect.DelegatingMethodAccessorImpl.invoke(DelegatingMethodAccessorImpl.java:43)
	at java.lang.reflect.Method.invoke(Method.java:606)
	at com.intellij.rt.execution.application.AppMain.main(AppMain.java:140)
Caused by: org.apache.ibatis.builder.BuilderException: Error parsing SQL Mapper Configuration. Cause: java.io.IOException: Could not find resource sqlmap/sqlmap-filterules_userinfo.xml
	at org.apache.ibatis.builder.xml.XMLConfigBuilder.parseConfiguration(XMLConfigBuilder.java:105)
	at org.apache.ibatis.builder.xml.XMLConfigBuilder.parse(XMLConfigBuilder.java:88)
	at org.apache.ibatis.session.SqlSessionFactoryBuilder.build(SqlSessionFactoryBuilder.java:49)
	... 9 more
Caused by: java.io.IOException: Could not find resource sqlmap/sqlmap-filterules_userinfo.xml
	at org.apache.ibatis.io.Resources.getResourceAsStream(Resources.java:104)
	at org.apache.ibatis.io.Resources.getResourceAsStream(Resources.java:91)
	at org.apache.ibatis.builder.xml.XMLConfigBuilder.mapperElement(XMLConfigBuilder.java:309)
	at org.apache.ibatis.builder.xml.XMLConfigBuilder.parseConfiguration(XMLConfigBuilder.java:103)
	... 11 more
 {com.glacier.earthquake.monitor.server.util.Data2Object.init(Data2Object.java:35)}
2015-05-01 21:19:29 [ERROR] - java.lang.NullPointerException
	at com.glacier.earthquake.monitor.server.util.Data2Object.getUserInfo(Data2Object.java:100)
	at Main.main(Main.java:20)
	at sun.reflect.NativeMethodAccessorImpl.invoke0(Native Method)
	at sun.reflect.NativeMethodAccessorImpl.invoke(NativeMethodAccessorImpl.java:57)
	at sun.reflect.DelegatingMethodAccessorImpl.invoke(DelegatingMethodAccessorImpl.java:43)
	at java.lang.reflect.Method.invoke(Method.java:606)
	at com.intellij.rt.execution.application.AppMain.main(AppMain.java:140)
 {com.glacier.earthquake.monitor.server.util.Data2Object.getUserInfo(Data2Object.java:106)}
2015-05-01 21:19:50 [ERROR] - org.apache.ibatis.exceptions.PersistenceException: 
### Error querying database.  Cause: org.apache.ibatis.reflection.ReflectionException: Could not set property 'creatDate' of 'class com.glacier.earthquake.monitor.server.pojo.User' with value '2015-05-01 21:16:49.0' Cause: org.apache.ibatis.reflection.ReflectionException: There is no setter for property named 'creatDate' in 'class com.glacier.earthquake.monitor.server.pojo.User'
### The error may exist in sqlmap/sqlmap-userinfo.xml
### The error may involve com.glacier.earthquake.monitor.server.util.MysqlOperation.getUserInfo-Inline
### The error occurred while setting parameters
### SQL: SELECT * FROM user_info WHERE email = ?;
### Cause: org.apache.ibatis.reflection.ReflectionException: Could not set property 'creatDate' of 'class com.glacier.earthquake.monitor.server.pojo.User' with value '2015-05-01 21:16:49.0' Cause: org.apache.ibatis.reflection.ReflectionException: There is no setter for property named 'creatDate' in 'class com.glacier.earthquake.monitor.server.pojo.User'
	at org.apache.ibatis.exceptions.ExceptionFactory.wrapException(ExceptionFactory.java:23)
	at org.apache.ibatis.session.defaults.DefaultSqlSession.selectList(DefaultSqlSession.java:104)
	at org.apache.ibatis.session.defaults.DefaultSqlSession.selectList(DefaultSqlSession.java:95)
	at org.apache.ibatis.session.defaults.DefaultSqlSession.selectOne(DefaultSqlSession.java:59)
	at org.apache.ibatis.binding.MapperMethod.execute(MapperMethod.java:95)
	at org.apache.ibatis.binding.MapperProxy.invoke(MapperProxy.java:40)
	at com.sun.proxy.$Proxy0.getUserInfo(Unknown Source)
	at com.glacier.earthquake.monitor.server.util.Data2Object.getUserInfo(Data2Object.java:100)
	at Main.main(Main.java:20)
	at sun.reflect.NativeMethodAccessorImpl.invoke0(Native Method)
	at sun.reflect.NativeMethodAccessorImpl.invoke(NativeMethodAccessorImpl.java:57)
	at sun.reflect.DelegatingMethodAccessorImpl.invoke(DelegatingMethodAccessorImpl.java:43)
	at java.lang.reflect.Method.invoke(Method.java:606)
	at com.intellij.rt.execution.application.AppMain.main(AppMain.java:140)
Caused by: org.apache.ibatis.reflection.ReflectionException: Could not set property 'creatDate' of 'class com.glacier.earthquake.monitor.server.pojo.User' with value '2015-05-01 21:16:49.0' Cause: org.apache.ibatis.reflection.ReflectionException: There is no setter for property named 'creatDate' in 'class com.glacier.earthquake.monitor.server.pojo.User'
	at org.apache.ibatis.reflection.wrapper.BeanWrapper.setBeanProperty(BeanWrapper.java:174)
	at org.apache.ibatis.reflection.wrapper.BeanWrapper.set(BeanWrapper.java:53)
	at org.apache.ibatis.reflection.MetaObject.setValue(MetaObject.java:140)
	at org.apache.ibatis.executor.resultset.FastResultSetHandler.applyPropertyMappings(FastResultSetHandler.java:299)
	at org.apache.ibatis.executor.resultset.FastResultSetHandler.getRowValue(FastResultSetHandler.java:264)
	at org.apache.ibatis.executor.resultset.FastResultSetHandler.handleRowValues(FastResultSetHandler.java:214)
	at org.apache.ibatis.executor.resultset.FastResultSetHandler.handleResultSet(FastResultSetHandler.java:186)
	at org.apache.ibatis.executor.resultset.FastResultSetHandler.handleResultSets(FastResultSetHandler.java:152)
	at org.apache.ibatis.executor.statement.PreparedStatementHandler.query(PreparedStatementHandler.java:57)
	at org.apache.ibatis.executor.statement.RoutingStatementHandler.query(RoutingStatementHandler.java:70)
	at org.apache.ibatis.executor.SimpleExecutor.doQuery(SimpleExecutor.java:57)
	at org.apache.ibatis.executor.BaseExecutor.queryFromDatabase(BaseExecutor.java:267)
	at org.apache.ibatis.executor.BaseExecutor.query(BaseExecutor.java:141)
	at org.apache.ibatis.executor.CachingExecutor.query(CachingExecutor.java:105)
	at org.apache.ibatis.executor.CachingExecutor.query(CachingExecutor.java:81)
	at org.apache.ibatis.session.defaults.DefaultSqlSession.selectList(DefaultSqlSession.java:101)
	... 12 more
Caused by: org.apache.ibatis.reflection.ReflectionException: There is no setter for property named 'creatDate' in 'class com.glacier.earthquake.monitor.server.pojo.User'
	at org.apache.ibatis.reflection.Reflector.getSetInvoker(Reflector.java:325)
	at org.apache.ibatis.reflection.MetaClass.getSetInvoker(MetaClass.java:164)
	at org.apache.ibatis.reflection.wrapper.BeanWrapper.setBeanProperty(BeanWrapper.java:166)
	... 27 more
 {com.glacier.earthquake.monitor.server.util.Data2Object.getUserInfo(Data2Object.java:106)}
